{"D:\\NHUQUYNH\\HK2_25\\Kiem_thu_phan_mem\\language-center-management-system\\frontend\\src\\components\\Base\\ProtectedRoute.jsx": {"path":"D:\\NHUQUYNH\\HK2_25\\Kiem_thu_phan_mem\\language-center-management-system\\frontend\\src\\components\\Base\\ProtectedRoute.jsx","statementMap":{"0":{"start":{"line":4,"column":6},"end":{"line":15,"column":null}},"1":{"start":{"line":5,"column":10},"end":{"line":5,"column":34}},"2":{"start":{"line":6,"column":10},"end":{"line":6,"column":30}},"3":{"start":{"line":8,"column":4},"end":{"line":9,"column":null}},"4":{"start":{"line":9,"column":8},"end":{"line":9,"column":null}},"5":{"start":{"line":12,"column":4},"end":{"line":13,"column":null}},"6":{"start":{"line":13,"column":8},"end":{"line":13,"column":null}},"7":{"start":{"line":15,"column":4},"end":{"line":15,"column":null}}},"fnMap":{"0":{"name":"(anonymous_0)","decl":{"start":{"line":4,"column":6},"end":{"line":4,"column":24}},"loc":{"start":{"line":4,"column":43},"end":{"line":15,"column":null}},"line":4}},"branchMap":{"0":{"loc":{"start":{"line":8,"column":4},"end":{"line":9,"column":null}},"type":"if","locations":[{"start":{"line":8,"column":4},"end":{"line":9,"column":null}},{"start":{},"end":{}}],"line":8},"1":{"loc":{"start":{"line":12,"column":4},"end":{"line":13,"column":null}},"type":"if","locations":[{"start":{"line":12,"column":4},"end":{"line":13,"column":null}},{"start":{},"end":{}}],"line":12},"2":{"loc":{"start":{"line":12,"column":8},"end":{"line":12,"column":56}},"type":"binary-expr","locations":[{"start":{"line":12,"column":8},"end":{"line":12,"column":24}},{"start":{"line":12,"column":24},"end":{"line":12,"column":56}}],"line":12}},"s":{"0":1,"1":7,"2":7,"3":7,"4":2,"5":5,"6":2,"7":3},"f":{"0":7},"b":{"0":[2,5],"1":[2,3],"2":[5,4]},"meta":{"lastBranch":3,"lastFunction":1,"lastStatement":8,"seen":{"s:4:6:15:Infinity":0,"f:4:6:4:24":0,"s:5:10:5:34":1,"s:6:10:6:30":2,"b:8:4:9:Infinity:undefined:undefined:undefined:undefined":0,"s:8:4:9:Infinity":3,"s:9:8:9:Infinity":4,"b:12:4:13:Infinity:undefined:undefined:undefined:undefined":1,"s:12:4:13:Infinity":5,"b:12:8:12:24:12:24:12:56":2,"s:13:8:13:Infinity":6,"s:15:4:15:Infinity":7}}}
,"D:\\NHUQUYNH\\HK2_25\\Kiem_thu_phan_mem\\language-center-management-system\\frontend\\src\\components\\Base\\PublicRoute.jsx": {"path":"D:\\NHUQUYNH\\HK2_25\\Kiem_thu_phan_mem\\language-center-management-system\\frontend\\src\\components\\Base\\PublicRoute.jsx","statementMap":{"0":{"start":{"line":4,"column":18},"end":{"line":8,"column":null}},"1":{"start":{"line":10,"column":6},"end":{"line":18,"column":null}},"2":{"start":{"line":11,"column":8},"end":{"line":11,"column":32}},"3":{"start":{"line":12,"column":8},"end":{"line":12,"column":24}},"4":{"start":{"line":14,"column":2},"end":{"line":16,"column":null}},"5":{"start":{"line":15,"column":23},"end":{"line":15,"column":null}},"6":{"start":{"line":16,"column":4},"end":{"line":16,"column":null}},"7":{"start":{"line":18,"column":2},"end":{"line":18,"column":null}}},"fnMap":{"0":{"name":"(anonymous_0)","decl":{"start":{"line":10,"column":6},"end":{"line":10,"column":26}},"loc":{"start":{"line":10,"column":26},"end":{"line":18,"column":null}},"line":10}},"branchMap":{"0":{"loc":{"start":{"line":14,"column":2},"end":{"line":16,"column":null}},"type":"if","locations":[{"start":{"line":14,"column":2},"end":{"line":16,"column":null}},{"start":{},"end":{}}],"line":14},"1":{"loc":{"start":{"line":15,"column":23},"end":{"line":15,"column":null}},"type":"binary-expr","locations":[{"start":{"line":15,"column":23},"end":{"line":15,"column":42}},{"start":{"line":15,"column":42},"end":{"line":15,"column":null}}],"line":15}},"s":{"0":1,"1":1,"2":5,"3":5,"4":5,"5":4,"6":4,"7":1},"f":{"0":5},"b":{"0":[4,1],"1":[4,1]},"meta":{"lastBranch":2,"lastFunction":1,"lastStatement":8,"seen":{"s:4:18:8:Infinity":0,"s:10:6:18:Infinity":1,"f:10:6:10:26":0,"s:11:8:11:32":2,"s:12:8:12:24":3,"b:14:2:16:Infinity:undefined:undefined:undefined:undefined":0,"s:14:2:16:Infinity":4,"s:15:23:15:Infinity":5,"b:15:23:15:42:15:42:15:Infinity":1,"s:16:4:16:Infinity":6,"s:18:2:18:Infinity":7}}}
,"D:\\NHUQUYNH\\HK2_25\\Kiem_thu_phan_mem\\language-center-management-system\\frontend\\src\\components\\Navbar\\Navbar.jsx": {"path":"D:\\NHUQUYNH\\HK2_25\\Kiem_thu_phan_mem\\language-center-management-system\\frontend\\src\\components\\Navbar\\Navbar.jsx","statementMap":{"0":{"start":{"line":10,"column":8},"end":{"line":10,"column":32}},"1":{"start":{"line":11,"column":21},"end":{"line":11,"column":39}},"2":{"start":{"line":12,"column":8},"end":{"line":12,"column":24}},"3":{"start":{"line":14,"column":20},"end":{"line":39,"column":null}},"4":{"start":{"line":41,"column":23},"end":{"line":47,"column":null}},"5":{"start":{"line":44,"column":19},"end":{"line":44,"column":53}},"6":{"start":{"line":44,"column":39},"end":{"line":44,"column":53}},"7":{"start":{"line":45,"column":6},"end":{"line":45,"column":null}},"8":{"start":{"line":45,"column":16},"end":{"line":45,"column":null}},"9":{"start":{"line":49,"column":23},"end":{"line":59,"column":null}},"10":{"start":{"line":50,"column":4},"end":{"line":59,"column":null}},"11":{"start":{"line":51,"column":27},"end":{"line":51,"column":64}},"12":{"start":{"line":52,"column":6},"end":{"line":52,"column":null}},"13":{"start":{"line":54,"column":6},"end":{"line":54,"column":null}},"14":{"start":{"line":56,"column":6},"end":{"line":56,"column":null}},"15":{"start":{"line":58,"column":6},"end":{"line":58,"column":null}},"16":{"start":{"line":59,"column":6},"end":{"line":59,"column":null}},"17":{"start":{"line":63,"column":2},"end":{"line":144,"column":null}},"18":{"start":{"line":117,"column":18},"end":{"line":117,"column":null}},"19":{"start":{"line":118,"column":18},"end":{"line":118,"column":null}}},"fnMap":{"0":{"name":"Navbar","decl":{"start":{"line":9,"column":9},"end":{"line":9,"column":18}},"loc":{"start":{"line":9,"column":18},"end":{"line":144,"column":null}},"line":9},"1":{"name":"(anonymous_1)","decl":{"start":{"line":43,"column":4},"end":{"line":43,"column":14}},"loc":{"start":{"line":43,"column":26},"end":{"line":45,"column":null}},"line":43},"2":{"name":"(anonymous_2)","decl":{"start":{"line":44,"column":29},"end":{"line":44,"column":34}},"loc":{"start":{"line":44,"column":39},"end":{"line":44,"column":53}},"line":44},"3":{"name":"(anonymous_3)","decl":{"start":{"line":49,"column":23},"end":{"line":49,"column":35}},"loc":{"start":{"line":49,"column":35},"end":{"line":59,"column":null}},"line":49},"4":{"name":"(anonymous_4)","decl":{"start":{"line":116,"column":16},"end":{"line":116,"column":26}},"loc":{"start":{"line":116,"column":32},"end":{"line":118,"column":null}},"line":116}},"branchMap":{"0":{"loc":{"start":{"line":45,"column":6},"end":{"line":45,"column":null}},"type":"if","locations":[{"start":{"line":45,"column":6},"end":{"line":45,"column":null}},{"start":{},"end":{}}],"line":45},"1":{"loc":{"start":{"line":71,"column":11},"end":{"line":76,"column":null}},"type":"binary-expr","locations":[{"start":{"line":71,"column":11},"end":{"line":71,"column":null}},{"start":{"line":72,"column":12},"end":{"line":76,"column":null}}],"line":71},"2":{"loc":{"start":{"line":79,"column":11},"end":{"line":86,"column":null}},"type":"binary-expr","locations":[{"start":{"line":79,"column":11},"end":{"line":79,"column":null}},{"start":{"line":80,"column":12},"end":{"line":86,"column":null}}],"line":79},"3":{"loc":{"start":{"line":89,"column":11},"end":{"line":94,"column":null}},"type":"binary-expr","locations":[{"start":{"line":89,"column":11},"end":{"line":89,"column":null}},{"start":{"line":90,"column":12},"end":{"line":94,"column":null}}],"line":89},"4":{"loc":{"start":{"line":97,"column":11},"end":{"line":123,"column":null}},"type":"binary-expr","locations":[{"start":{"line":97,"column":11},"end":{"line":97,"column":null}},{"start":{"line":98,"column":12},"end":{"line":123,"column":null}}],"line":97},"5":{"loc":{"start":{"line":128,"column":11},"end":{"line":140,"column":null}},"type":"cond-expr","locations":[{"start":{"line":129,"column":12},"end":{"line":133,"column":null}},{"start":{"line":133,"column":12},"end":{"line":140,"column":null}}],"line":128}},"s":{"0":12,"1":12,"2":12,"3":12,"4":12,"5":1,"6":1,"7":1,"8":1,"9":12,"10":2,"11":2,"12":2,"13":2,"14":1,"15":2,"16":2,"17":12,"18":1,"19":1},"f":{"0":12,"1":1,"2":1,"3":2,"4":1},"b":{"0":[1,0],"1":[12,1],"2":[12,5],"3":[12,2],"4":[12,4],"5":[11,1]},"meta":{"lastBranch":6,"lastFunction":5,"lastStatement":20,"seen":{"f:9:9:9:18":0,"s:10:8:10:32":0,"s:11:21:11:39":1,"s:12:8:12:24":2,"s:14:20:39:Infinity":3,"s:41:23:47:Infinity":4,"f:43:4:43:14":1,"s:44:19:44:53":5,"f:44:29:44:34":2,"s:44:39:44:53":6,"b:45:6:45:Infinity:undefined:undefined:undefined:undefined":0,"s:45:6:45:Infinity":7,"s:45:16:45:Infinity":8,"s:49:23:59:Infinity":9,"f:49:23:49:35":3,"s:50:4:59:Infinity":10,"s:51:27:51:64":11,"s:52:6:52:Infinity":12,"s:54:6:54:Infinity":13,"s:56:6:56:Infinity":14,"s:58:6:58:Infinity":15,"s:59:6:59:Infinity":16,"s:63:2:144:Infinity":17,"b:71:11:71:Infinity:72:12:76:Infinity":1,"b:79:11:79:Infinity:80:12:86:Infinity":2,"b:89:11:89:Infinity:90:12:94:Infinity":3,"b:97:11:97:Infinity:98:12:123:Infinity":4,"f:116:16:116:26":4,"s:117:18:117:Infinity":18,"s:118:18:118:Infinity":19,"b:129:12:133:Infinity:133:12:140:Infinity":5}}}
,"D:\\NHUQUYNH\\HK2_25\\Kiem_thu_phan_mem\\language-center-management-system\\frontend\\src\\controllers\\Admin\\AccountManagement.jsx": {"path":"D:\\NHUQUYNH\\HK2_25\\Kiem_thu_phan_mem\\language-center-management-system\\frontend\\src\\controllers\\Admin\\AccountManagement.jsx","statementMap":{"0":{"start":{"line":14,"column":14},"end":{"line":14,"column":null}},"1":{"start":{"line":16,"column":19},"end":{"line":21,"column":null}},"2":{"start":{"line":23,"column":26},"end":{"line":31,"column":null}},"3":{"start":{"line":33,"column":6},"end":{"line":635,"column":null}},"4":{"start":{"line":34,"column":16},"end":{"line":34,"column":40}},"5":{"start":{"line":35,"column":16},"end":{"line":39,"column":4}},"6":{"start":{"line":40,"column":24},"end":{"line":40,"column":59}},"7":{"start":{"line":41,"column":22},"end":{"line":41,"column":54}},"8":{"start":{"line":42,"column":15},"end":{"line":42,"column":46}},"9":{"start":{"line":43,"column":21},"end":{"line":43,"column":50}},"10":{"start":{"line":44,"column":22},"end":{"line":44,"column":55}},"11":{"start":{"line":45,"column":20},"end":{"line":50,"column":4}},"12":{"start":{"line":51,"column":20},"end":{"line":57,"column":4}},"13":{"start":{"line":58,"column":22},"end":{"line":58,"column":51}},"14":{"start":{"line":59,"column":21},"end":{"line":59,"column":49}},"15":{"start":{"line":60,"column":26},"end":{"line":60,"column":63}},"16":{"start":{"line":61,"column":21},"end":{"line":61,"column":65}},"17":{"start":{"line":62,"column":23},"end":{"line":62,"column":54}},"18":{"start":{"line":63,"column":24},"end":{"line":63,"column":59}},"19":{"start":{"line":65,"column":8},"end":{"line":83,"column":null}},"20":{"start":{"line":66,"column":19},"end":{"line":66,"column":21}},"21":{"start":{"line":67,"column":4},"end":{"line":67,"column":null}},"22":{"start":{"line":67,"column":39},"end":{"line":67,"column":null}},"23":{"start":{"line":68,"column":4},"end":{"line":68,"column":null}},"24":{"start":{"line":68,"column":38},"end":{"line":68,"column":null}},"25":{"start":{"line":69,"column":4},"end":{"line":69,"column":null}},"26":{"start":{"line":69,"column":34},"end":{"line":69,"column":null}},"27":{"start":{"line":70,"column":4},"end":{"line":70,"column":null}},"28":{"start":{"line":70,"column":37},"end":{"line":70,"column":null}},"29":{"start":{"line":71,"column":4},"end":{"line":71,"column":null}},"30":{"start":{"line":71,"column":37},"end":{"line":71,"column":null}},"31":{"start":{"line":72,"column":4},"end":{"line":73,"column":null}},"32":{"start":{"line":73,"column":6},"end":{"line":73,"column":null}},"33":{"start":{"line":74,"column":4},"end":{"line":79,"column":null}},"34":{"start":{"line":79,"column":6},"end":{"line":79,"column":null}},"35":{"start":{"line":81,"column":4},"end":{"line":82,"column":null}},"36":{"start":{"line":82,"column":6},"end":{"line":82,"column":null}},"37":{"start":{"line":83,"column":4},"end":{"line":83,"column":null}},"38":{"start":{"line":86,"column":8},"end":{"line":91,"column":null}},"39":{"start":{"line":87,"column":4},"end":{"line":87,"column":null}},"40":{"start":{"line":88,"column":4},"end":{"line":91,"column":null}},"41":{"start":{"line":89,"column":12},"end":{"line":89,"column":67}},"42":{"start":{"line":94,"column":20},"end":{"line":100,"column":null}},"43":{"start":{"line":95,"column":4},"end":{"line":100,"column":null}},"44":{"start":{"line":96,"column":18},"end":{"line":96,"column":38}},"45":{"start":{"line":97,"column":6},"end":{"line":97,"column":null}},"46":{"start":{"line":98,"column":6},"end":{"line":98,"column":null}},"47":{"start":{"line":100,"column":6},"end":{"line":100,"column":null}},"48":{"start":{"line":104,"column":2},"end":{"line":106,"column":null}},"49":{"start":{"line":105,"column":4},"end":{"line":105,"column":null}},"50":{"start":{"line":108,"column":8},"end":{"line":117,"column":null}},"51":{"start":{"line":109,"column":4},"end":{"line":117,"column":null}},"52":{"start":{"line":111,"column":8},"end":{"line":111,"column":null}},"53":{"start":{"line":113,"column":8},"end":{"line":113,"column":null}},"54":{"start":{"line":115,"column":8},"end":{"line":115,"column":null}},"55":{"start":{"line":117,"column":8},"end":{"line":117,"column":null}},"56":{"start":{"line":121,"column":8},"end":{"line":130,"column":null}},"57":{"start":{"line":122,"column":4},"end":{"line":122,"column":null}},"58":{"start":{"line":123,"column":4},"end":{"line":128,"column":null}},"59":{"start":{"line":129,"column":4},"end":{"line":129,"column":null}},"60":{"start":{"line":130,"column":4},"end":{"line":130,"column":null}},"61":{"start":{"line":133,"column":8},"end":{"line":138,"column":null}},"62":{"start":{"line":134,"column":19},"end":{"line":134,"column":21}},"63":{"start":{"line":135,"column":4},"end":{"line":135,"column":null}},"64":{"start":{"line":135,"column":33},"end":{"line":135,"column":null}},"65":{"start":{"line":136,"column":4},"end":{"line":136,"column":null}},"66":{"start":{"line":136,"column":32},"end":{"line":136,"column":null}},"67":{"start":{"line":137,"column":4},"end":{"line":137,"column":null}},"68":{"start":{"line":137,"column":28},"end":{"line":137,"column":null}},"69":{"start":{"line":138,"column":4},"end":{"line":138,"column":null}},"70":{"start":{"line":141,"column":27},"end":{"line":159,"column":null}},"71":{"start":{"line":142,"column":19},"end":{"line":142,"column":29}},"72":{"start":{"line":143,"column":4},"end":{"line":145,"column":null}},"73":{"start":{"line":144,"column":6},"end":{"line":144,"column":null}},"74":{"start":{"line":145,"column":6},"end":{"line":145,"column":null}},"75":{"start":{"line":147,"column":4},"end":{"line":147,"column":null}},"76":{"start":{"line":148,"column":4},"end":{"line":159,"column":null}},"77":{"start":{"line":149,"column":18},"end":{"line":149,"column":56}},"78":{"start":{"line":150,"column":6},"end":{"line":150,"column":null}},"79":{"start":{"line":151,"column":6},"end":{"line":151,"column":null}},"80":{"start":{"line":152,"column":6},"end":{"line":152,"column":null}},"81":{"start":{"line":153,"column":6},"end":{"line":153,"column":null}},"82":{"start":{"line":155,"column":6},"end":{"line":155,"column":null}},"83":{"start":{"line":156,"column":6},"end":{"line":156,"column":null}},"84":{"start":{"line":157,"column":6},"end":{"line":157,"column":null}},"85":{"start":{"line":159,"column":6},"end":{"line":159,"column":null}},"86":{"start":{"line":163,"column":23},"end":{"line":180,"column":null}},"87":{"start":{"line":164,"column":19},"end":{"line":164,"column":35}},"88":{"start":{"line":165,"column":4},"end":{"line":167,"column":null}},"89":{"start":{"line":166,"column":6},"end":{"line":166,"column":null}},"90":{"start":{"line":167,"column":6},"end":{"line":167,"column":null}},"91":{"start":{"line":169,"column":4},"end":{"line":169,"column":null}},"92":{"start":{"line":170,"column":4},"end":{"line":180,"column":null}},"93":{"start":{"line":171,"column":47},"end":{"line":171,"column":null}},"94":{"start":{"line":172,"column":6},"end":{"line":172,"column":null}},"95":{"start":{"line":173,"column":6},"end":{"line":173,"column":null}},"96":{"start":{"line":174,"column":6},"end":{"line":174,"column":null}},"97":{"start":{"line":175,"column":6},"end":{"line":175,"column":null}},"98":{"start":{"line":176,"column":6},"end":{"line":176,"column":null}},"99":{"start":{"line":178,"column":6},"end":{"line":178,"column":null}},"100":{"start":{"line":180,"column":6},"end":{"line":180,"column":null}},"101":{"start":{"line":184,"column":21},"end":{"line":200,"column":null}},"102":{"start":{"line":185,"column":4},"end":{"line":185,"column":null}},"103":{"start":{"line":185,"column":28},"end":{"line":185,"column":67}},"104":{"start":{"line":186,"column":4},"end":{"line":200,"column":null}},"105":{"start":{"line":187,"column":6},"end":{"line":187,"column":null}},"106":{"start":{"line":188,"column":6},"end":{"line":192,"column":null}},"107":{"start":{"line":193,"column":6},"end":{"line":193,"column":null}},"108":{"start":{"line":194,"column":6},"end":{"line":194,"column":null}},"109":{"start":{"line":196,"column":6},"end":{"line":200,"column":null}},"110":{"start":{"line":196,"column":30},"end":{"line":200,"column":9}},"111":{"start":{"line":204,"column":27},"end":{"line":222,"column":null}},"112":{"start":{"line":205,"column":4},"end":{"line":205,"column":null}},"113":{"start":{"line":205,"column":28},"end":{"line":205,"column":67}},"114":{"start":{"line":206,"column":4},"end":{"line":222,"column":null}},"115":{"start":{"line":207,"column":6},"end":{"line":207,"column":null}},"116":{"start":{"line":208,"column":6},"end":{"line":208,"column":null}},"117":{"start":{"line":209,"column":6},"end":{"line":215,"column":null}},"118":{"start":{"line":216,"column":6},"end":{"line":216,"column":null}},"119":{"start":{"line":218,"column":6},"end":{"line":222,"column":null}},"120":{"start":{"line":218,"column":30},"end":{"line":222,"column":9}},"121":{"start":{"line":225,"column":2},"end":{"line":635,"column":null}},"122":{"start":{"line":232,"column":12},"end":{"line":232,"column":null}},"123":{"start":{"line":233,"column":12},"end":{"line":233,"column":null}},"124":{"start":{"line":234,"column":12},"end":{"line":234,"column":null}},"125":{"start":{"line":260,"column":14},"end":{"line":315,"column":null}},"126":{"start":{"line":281,"column":22},"end":{"line":287,"column":24}},"127":{"start":{"line":297,"column":61},"end":{"line":297,"column":78}},"128":{"start":{"line":303,"column":22},"end":{"line":308,"column":24}},"129":{"start":{"line":325,"column":25},"end":{"line":325,"column":53}},"130":{"start":{"line":325,"column":47},"end":{"line":325,"column":53}},"131":{"start":{"line":330,"column":54},"end":{"line":330,"column":60}},"132":{"start":{"line":333,"column":14},"end":{"line":333,"column":null}},"133":{"start":{"line":336,"column":12},"end":{"line":336,"column":null}},"134":{"start":{"line":336,"column":49},"end":{"line":336,"column":null}},"135":{"start":{"line":337,"column":12},"end":{"line":337,"column":null}},"136":{"start":{"line":338,"column":12},"end":{"line":338,"column":null}},"137":{"start":{"line":341,"column":12},"end":{"line":352,"column":null}},"138":{"start":{"line":349,"column":31},"end":{"line":349,"column":48}},"139":{"start":{"line":359,"column":25},"end":{"line":359,"column":53}},"140":{"start":{"line":359,"column":47},"end":{"line":359,"column":53}},"141":{"start":{"line":373,"column":29},"end":{"line":373,"column":54}},"142":{"start":{"line":391,"column":14},"end":{"line":412,"column":null}},"143":{"start":{"line":399,"column":20},"end":{"line":402,"column":null}},"144":{"start":{"line":399,"column":45},"end":{"line":402,"column":23}},"145":{"start":{"line":403,"column":20},"end":{"line":406,"column":null}},"146":{"start":{"line":403,"column":47},"end":{"line":406,"column":23}},"147":{"start":{"line":424,"column":31},"end":{"line":424,"column":56}},"148":{"start":{"line":442,"column":29},"end":{"line":442,"column":52}},"149":{"start":{"line":453,"column":14},"end":{"line":470,"column":null}},"150":{"start":{"line":463,"column":20},"end":{"line":463,"column":null}},"151":{"start":{"line":463,"column":39},"end":{"line":463,"column":77}},"152":{"start":{"line":464,"column":20},"end":{"line":464,"column":null}},"153":{"start":{"line":464,"column":45},"end":{"line":464,"column":78}},"154":{"start":{"line":482,"column":31},"end":{"line":482,"column":54}},"155":{"start":{"line":537,"column":18},"end":{"line":542,"column":20}},"156":{"start":{"line":568,"column":16},"end":{"line":574,"column":18}},"157":{"start":{"line":588,"column":18},"end":{"line":588,"column":77}},"158":{"start":{"line":588,"column":42},"end":{"line":588,"column":77}},"159":{"start":{"line":592,"column":18},"end":{"line":594,"column":null}},"160":{"start":{"line":612,"column":18},"end":{"line":618,"column":20}}},"fnMap":{"0":{"name":"(anonymous_0)","decl":{"start":{"line":33,"column":6},"end":{"line":33,"column":32}},"loc":{"start":{"line":33,"column":32},"end":{"line":635,"column":null}},"line":33},"1":{"name":"(anonymous_1)","decl":{"start":{"line":65,"column":8},"end":{"line":65,"column":31}},"loc":{"start":{"line":65,"column":31},"end":{"line":83,"column":null}},"line":65},"2":{"name":"(anonymous_2)","decl":{"start":{"line":86,"column":8},"end":{"line":86,"column":21}},"loc":{"start":{"line":86,"column":51},"end":{"line":91,"column":null}},"line":86},"3":{"name":"(anonymous_3)","decl":{"start":{"line":88,"column":4},"end":{"line":88,"column":null}},"loc":{"start":{"line":89,"column":12},"end":{"line":89,"column":67}},"line":89},"4":{"name":"(anonymous_4)","decl":{"start":{"line":94,"column":20},"end":{"line":94,"column":27}},"loc":{"start":{"line":94,"column":40},"end":{"line":100,"column":null}},"line":94},"5":{"name":"(anonymous_5)","decl":{"start":{"line":104,"column":2},"end":{"line":104,"column":18}},"loc":{"start":{"line":104,"column":18},"end":{"line":106,"column":6}},"line":104},"6":{"name":"(anonymous_6)","decl":{"start":{"line":108,"column":8},"end":{"line":108,"column":24}},"loc":{"start":{"line":108,"column":33},"end":{"line":117,"column":null}},"line":108},"7":{"name":"(anonymous_7)","decl":{"start":{"line":121,"column":8},"end":{"line":121,"column":26}},"loc":{"start":{"line":121,"column":32},"end":{"line":130,"column":null}},"line":121},"8":{"name":"(anonymous_8)","decl":{"start":{"line":133,"column":8},"end":{"line":133,"column":25}},"loc":{"start":{"line":133,"column":25},"end":{"line":138,"column":null}},"line":133},"9":{"name":"(anonymous_9)","decl":{"start":{"line":141,"column":27},"end":{"line":141,"column":39}},"loc":{"start":{"line":141,"column":39},"end":{"line":159,"column":null}},"line":141},"10":{"name":"(anonymous_10)","decl":{"start":{"line":163,"column":23},"end":{"line":163,"column":35}},"loc":{"start":{"line":163,"column":35},"end":{"line":180,"column":null}},"line":163},"11":{"name":"(anonymous_11)","decl":{"start":{"line":184,"column":21},"end":{"line":184,"column":33}},"loc":{"start":{"line":184,"column":33},"end":{"line":200,"column":null}},"line":184},"12":{"name":"(anonymous_12)","decl":{"start":{"line":185,"column":4},"end":{"line":185,"column":18}},"loc":{"start":{"line":185,"column":28},"end":{"line":185,"column":67}},"line":185},"13":{"name":"(anonymous_13)","decl":{"start":{"line":196,"column":6},"end":{"line":196,"column":20}},"loc":{"start":{"line":196,"column":30},"end":{"line":200,"column":9}},"line":196},"14":{"name":"(anonymous_14)","decl":{"start":{"line":204,"column":27},"end":{"line":204,"column":39}},"loc":{"start":{"line":204,"column":39},"end":{"line":222,"column":null}},"line":204},"15":{"name":"(anonymous_15)","decl":{"start":{"line":205,"column":4},"end":{"line":205,"column":18}},"loc":{"start":{"line":205,"column":28},"end":{"line":205,"column":67}},"line":205},"16":{"name":"(anonymous_16)","decl":{"start":{"line":218,"column":6},"end":{"line":218,"column":20}},"loc":{"start":{"line":218,"column":30},"end":{"line":222,"column":9}},"line":218},"17":{"name":"(anonymous_17)","decl":{"start":{"line":231,"column":10},"end":{"line":231,"column":25}},"loc":{"start":{"line":231,"column":25},"end":{"line":234,"column":null}},"line":231},"18":{"name":"(anonymous_18)","decl":{"start":{"line":259,"column":19},"end":{"line":259,"column":24}},"loc":{"start":{"line":260,"column":14},"end":{"line":315,"column":null}},"line":260},"19":{"name":"(anonymous_19)","decl":{"start":{"line":280,"column":20},"end":{"line":280,"column":null}},"loc":{"start":{"line":281,"column":22},"end":{"line":287,"column":24}},"line":281},"20":{"name":"(anonymous_20)","decl":{"start":{"line":297,"column":46},"end":{"line":297,"column":61}},"loc":{"start":{"line":297,"column":61},"end":{"line":297,"column":78}},"line":297},"21":{"name":"(anonymous_21)","decl":{"start":{"line":302,"column":20},"end":{"line":302,"column":null}},"loc":{"start":{"line":303,"column":22},"end":{"line":308,"column":24}},"line":303},"22":{"name":"(anonymous_22)","decl":{"start":{"line":325,"column":10},"end":{"line":325,"column":25}},"loc":{"start":{"line":325,"column":25},"end":{"line":325,"column":53}},"line":325},"23":{"name":"(anonymous_23)","decl":{"start":{"line":325,"column":25},"end":{"line":325,"column":41}},"loc":{"start":{"line":325,"column":47},"end":{"line":325,"column":53}},"line":325},"24":{"name":"(anonymous_24)","decl":{"start":{"line":330,"column":42},"end":{"line":330,"column":45}},"loc":{"start":{"line":330,"column":54},"end":{"line":330,"column":60}},"line":330},"25":{"name":"(anonymous_25)","decl":{"start":{"line":331,"column":11},"end":{"line":331,"column":null}},"loc":{"start":{"line":333,"column":14},"end":{"line":333,"column":null}},"line":333},"26":{"name":"(anonymous_26)","decl":{"start":{"line":335,"column":11},"end":{"line":335,"column":19}},"loc":{"start":{"line":335,"column":40},"end":{"line":339,"column":15}},"line":335},"27":{"name":"(anonymous_27)","decl":{"start":{"line":340,"column":11},"end":{"line":340,"column":16}},"loc":{"start":{"line":341,"column":12},"end":{"line":352,"column":null}},"line":341},"28":{"name":"(anonymous_28)","decl":{"start":{"line":349,"column":16},"end":{"line":349,"column":31}},"loc":{"start":{"line":349,"column":31},"end":{"line":349,"column":48}},"line":349},"29":{"name":"(anonymous_29)","decl":{"start":{"line":359,"column":10},"end":{"line":359,"column":25}},"loc":{"start":{"line":359,"column":25},"end":{"line":359,"column":53}},"line":359},"30":{"name":"(anonymous_30)","decl":{"start":{"line":359,"column":25},"end":{"line":359,"column":41}},"loc":{"start":{"line":359,"column":47},"end":{"line":359,"column":53}},"line":359},"31":{"name":"(anonymous_31)","decl":{"start":{"line":373,"column":14},"end":{"line":373,"column":29}},"loc":{"start":{"line":373,"column":29},"end":{"line":373,"column":54}},"line":373},"32":{"name":"(anonymous_32)","decl":{"start":{"line":390,"column":14},"end":{"line":390,"column":19}},"loc":{"start":{"line":391,"column":14},"end":{"line":412,"column":null}},"line":391},"33":{"name":"(anonymous_33)","decl":{"start":{"line":398,"column":18},"end":{"line":398,"column":29}},"loc":{"start":{"line":398,"column":35},"end":{"line":406,"column":null}},"line":398},"34":{"name":"(anonymous_34)","decl":{"start":{"line":399,"column":20},"end":{"line":399,"column":35}},"loc":{"start":{"line":399,"column":45},"end":{"line":402,"column":23}},"line":399},"35":{"name":"(anonymous_35)","decl":{"start":{"line":403,"column":20},"end":{"line":403,"column":37}},"loc":{"start":{"line":403,"column":47},"end":{"line":406,"column":23}},"line":403},"36":{"name":"(anonymous_36)","decl":{"start":{"line":424,"column":16},"end":{"line":424,"column":31}},"loc":{"start":{"line":424,"column":31},"end":{"line":424,"column":56}},"line":424},"37":{"name":"(anonymous_37)","decl":{"start":{"line":442,"column":14},"end":{"line":442,"column":29}},"loc":{"start":{"line":442,"column":29},"end":{"line":442,"column":52}},"line":442},"38":{"name":"(anonymous_38)","decl":{"start":{"line":452,"column":14},"end":{"line":452,"column":19}},"loc":{"start":{"line":453,"column":14},"end":{"line":470,"column":null}},"line":453},"39":{"name":"(anonymous_39)","decl":{"start":{"line":462,"column":18},"end":{"line":462,"column":29}},"loc":{"start":{"line":462,"column":35},"end":{"line":464,"column":null}},"line":462},"40":{"name":"(anonymous_40)","decl":{"start":{"line":463,"column":20},"end":{"line":463,"column":29}},"loc":{"start":{"line":463,"column":39},"end":{"line":463,"column":77}},"line":463},"41":{"name":"(anonymous_41)","decl":{"start":{"line":464,"column":20},"end":{"line":464,"column":35}},"loc":{"start":{"line":464,"column":45},"end":{"line":464,"column":78}},"line":464},"42":{"name":"(anonymous_42)","decl":{"start":{"line":482,"column":16},"end":{"line":482,"column":31}},"loc":{"start":{"line":482,"column":31},"end":{"line":482,"column":54}},"line":482},"43":{"name":"(anonymous_43)","decl":{"start":{"line":536,"column":16},"end":{"line":536,"column":null}},"loc":{"start":{"line":537,"column":18},"end":{"line":542,"column":20}},"line":537},"44":{"name":"(anonymous_44)","decl":{"start":{"line":567,"column":14},"end":{"line":567,"column":null}},"loc":{"start":{"line":568,"column":16},"end":{"line":574,"column":18}},"line":568},"45":{"name":"(anonymous_45)","decl":{"start":{"line":587,"column":16},"end":{"line":587,"column":27}},"loc":{"start":{"line":588,"column":18},"end":{"line":588,"column":77}},"line":588},"46":{"name":"(anonymous_46)","decl":{"start":{"line":588,"column":18},"end":{"line":588,"column":32}},"loc":{"start":{"line":588,"column":42},"end":{"line":588,"column":77}},"line":588},"47":{"name":"(anonymous_47)","decl":{"start":{"line":591,"column":23},"end":{"line":591,"column":28}},"loc":{"start":{"line":592,"column":18},"end":{"line":594,"column":null}},"line":592},"48":{"name":"(anonymous_48)","decl":{"start":{"line":611,"column":16},"end":{"line":611,"column":null}},"loc":{"start":{"line":612,"column":18},"end":{"line":618,"column":20}},"line":612}},"branchMap":{"0":{"loc":{"start":{"line":67,"column":4},"end":{"line":67,"column":null}},"type":"if","locations":[{"start":{"line":67,"column":4},"end":{"line":67,"column":null}},{"start":{},"end":{}}],"line":67},"1":{"loc":{"start":{"line":68,"column":4},"end":{"line":68,"column":null}},"type":"if","locations":[{"start":{"line":68,"column":4},"end":{"line":68,"column":null}},{"start":{},"end":{}}],"line":68},"2":{"loc":{"start":{"line":69,"column":4},"end":{"line":69,"column":null}},"type":"if","locations":[{"start":{"line":69,"column":4},"end":{"line":69,"column":null}},{"start":{},"end":{}}],"line":69},"3":{"loc":{"start":{"line":70,"column":4},"end":{"line":70,"column":null}},"type":"if","locations":[{"start":{"line":70,"column":4},"end":{"line":70,"column":null}},{"start":{},"end":{}}],"line":70},"4":{"loc":{"start":{"line":71,"column":4},"end":{"line":71,"column":null}},"type":"if","locations":[{"start":{"line":71,"column":4},"end":{"line":71,"column":null}},{"start":{},"end":{}}],"line":71},"5":{"loc":{"start":{"line":72,"column":4},"end":{"line":73,"column":null}},"type":"if","locations":[{"start":{"line":72,"column":4},"end":{"line":73,"column":null}},{"start":{},"end":{}}],"line":72},"6":{"loc":{"start":{"line":74,"column":4},"end":{"line":79,"column":null}},"type":"if","locations":[{"start":{"line":74,"column":4},"end":{"line":79,"column":null}},{"start":{},"end":{}}],"line":74},"7":{"loc":{"start":{"line":75,"column":6},"end":{"line":77,"column":null}},"type":"binary-expr","locations":[{"start":{"line":75,"column":6},"end":{"line":75,"column":null}},{"start":{"line":76,"column":6},"end":{"line":76,"column":null}},{"start":{"line":77,"column":6},"end":{"line":77,"column":null}}],"line":75},"8":{"loc":{"start":{"line":81,"column":4},"end":{"line":82,"column":null}},"type":"if","locations":[{"start":{"line":81,"column":4},"end":{"line":82,"column":null}},{"start":{},"end":{}}],"line":81},"9":{"loc":{"start":{"line":86,"column":30},"end":{"line":86,"column":51}},"type":"default-arg","locations":[{"start":{"line":86,"column":37},"end":{"line":86,"column":51}}],"line":86},"10":{"loc":{"start":{"line":94,"column":27},"end":{"line":94,"column":40}},"type":"default-arg","locations":[{"start":{"line":94,"column":34},"end":{"line":94,"column":40}}],"line":94},"11":{"loc":{"start":{"line":109,"column":4},"end":{"line":117,"column":null}},"type":"switch","locations":[{"start":{"line":110,"column":6},"end":{"line":111,"column":null}},{"start":{"line":112,"column":6},"end":{"line":113,"column":null}},{"start":{"line":114,"column":6},"end":{"line":115,"column":null}},{"start":{"line":116,"column":6},"end":{"line":117,"column":null}}],"line":109},"12":{"loc":{"start":{"line":127,"column":17},"end":{"line":127,"column":null}},"type":"binary-expr","locations":[{"start":{"line":127,"column":17},"end":{"line":127,"column":32}},{"start":{"line":127,"column":32},"end":{"line":127,"column":null}}],"line":127},"13":{"loc":{"start":{"line":135,"column":4},"end":{"line":135,"column":null}},"type":"if","locations":[{"start":{"line":135,"column":4},"end":{"line":135,"column":null}},{"start":{},"end":{}}],"line":135},"14":{"loc":{"start":{"line":136,"column":4},"end":{"line":136,"column":null}},"type":"if","locations":[{"start":{"line":136,"column":4},"end":{"line":136,"column":null}},{"start":{},"end":{}}],"line":136},"15":{"loc":{"start":{"line":137,"column":4},"end":{"line":137,"column":null}},"type":"if","locations":[{"start":{"line":137,"column":4},"end":{"line":137,"column":null}},{"start":{},"end":{}}],"line":137},"16":{"loc":{"start":{"line":143,"column":4},"end":{"line":145,"column":null}},"type":"if","locations":[{"start":{"line":143,"column":4},"end":{"line":145,"column":null}},{"start":{},"end":{}}],"line":143},"17":{"loc":{"start":{"line":157,"column":16},"end":{"line":157,"column":65}},"type":"binary-expr","locations":[{"start":{"line":157,"column":16},"end":{"line":157,"column":48}},{"start":{"line":157,"column":48},"end":{"line":157,"column":65}}],"line":157},"18":{"loc":{"start":{"line":165,"column":4},"end":{"line":167,"column":null}},"type":"if","locations":[{"start":{"line":165,"column":4},"end":{"line":167,"column":null}},{"start":{},"end":{}}],"line":165},"19":{"loc":{"start":{"line":178,"column":16},"end":{"line":178,"column":65}},"type":"binary-expr","locations":[{"start":{"line":178,"column":16},"end":{"line":178,"column":48}},{"start":{"line":178,"column":48},"end":{"line":178,"column":65}}],"line":178},"20":{"loc":{"start":{"line":189,"column":8},"end":{"line":191,"column":null}},"type":"cond-expr","locations":[{"start":{"line":190,"column":12},"end":{"line":190,"column":null}},{"start":{"line":191,"column":12},"end":{"line":191,"column":null}}],"line":189},"21":{"loc":{"start":{"line":199,"column":15},"end":{"line":199,"column":null}},"type":"binary-expr","locations":[{"start":{"line":199,"column":15},"end":{"line":199,"column":47}},{"start":{"line":199,"column":47},"end":{"line":199,"column":null}}],"line":199},"22":{"loc":{"start":{"line":221,"column":15},"end":{"line":221,"column":null}},"type":"binary-expr","locations":[{"start":{"line":221,"column":15},"end":{"line":221,"column":47}},{"start":{"line":221,"column":47},"end":{"line":221,"column":null}}],"line":221},"23":{"loc":{"start":{"line":270,"column":47},"end":{"line":270,"column":null}},"type":"cond-expr","locations":[{"start":{"line":270,"column":61},"end":{"line":270,"column":72}},{"start":{"line":270,"column":72},"end":{"line":270,"column":null}}],"line":270},"24":{"loc":{"start":{"line":272,"column":21},"end":{"line":272,"column":null}},"type":"cond-expr","locations":[{"start":{"line":272,"column":35},"end":{"line":272,"column":54}},{"start":{"line":272,"column":54},"end":{"line":272,"column":null}}],"line":272},"25":{"loc":{"start":{"line":284,"column":30},"end":{"line":284,"column":null}},"type":"binary-expr","locations":[{"start":{"line":284,"column":30},"end":{"line":284,"column":40}},{"start":{"line":284,"column":40},"end":{"line":284,"column":null}}],"line":284},"26":{"loc":{"start":{"line":310,"column":27},"end":{"line":310,"column":null}},"type":"cond-expr","locations":[{"start":{"line":310,"column":41},"end":{"line":310,"column":60}},{"start":{"line":310,"column":60},"end":{"line":310,"column":null}}],"line":310},"27":{"loc":{"start":{"line":312,"column":21},"end":{"line":312,"column":null}},"type":"cond-expr","locations":[{"start":{"line":312,"column":35},"end":{"line":312,"column":49}},{"start":{"line":312,"column":48},"end":{"line":312,"column":null}}],"line":312},"28":{"loc":{"start":{"line":333,"column":14},"end":{"line":333,"column":null}},"type":"binary-expr","locations":[{"start":{"line":333,"column":14},"end":{"line":333,"column":25}},{"start":{"line":333,"column":25},"end":{"line":333,"column":45}},{"start":{"line":333,"column":45},"end":{"line":333,"column":null}}],"line":333},"29":{"loc":{"start":{"line":336,"column":12},"end":{"line":336,"column":null}},"type":"if","locations":[{"start":{"line":336,"column":12},"end":{"line":336,"column":null}},{"start":{},"end":{}}],"line":336},"30":{"loc":{"start":{"line":336,"column":16},"end":{"line":336,"column":49}},"type":"binary-expr","locations":[{"start":{"line":336,"column":16},"end":{"line":336,"column":27}},{"start":{"line":336,"column":27},"end":{"line":336,"column":49}}],"line":336},"31":{"loc":{"start":{"line":341,"column":12},"end":{"line":352,"column":null}},"type":"cond-expr","locations":[{"start":{"line":342,"column":14},"end":{"line":344,"column":null}},{"start":{"line":346,"column":14},"end":{"line":352,"column":null}}],"line":341},"32":{"loc":{"start":{"line":348,"column":39},"end":{"line":348,"column":null}},"type":"cond-expr","locations":[{"start":{"line":348,"column":59},"end":{"line":348,"column":70}},{"start":{"line":348,"column":70},"end":{"line":348,"column":null}}],"line":348},"33":{"loc":{"start":{"line":365,"column":7},"end":{"line":431,"column":null}},"type":"binary-expr","locations":[{"start":{"line":365,"column":7},"end":{"line":365,"column":null}},{"start":{"line":366,"column":8},"end":{"line":431,"column":null}}],"line":365},"34":{"loc":{"start":{"line":390,"column":35},"end":{"line":390,"column":null}},"type":"default-arg","locations":[{"start":{"line":390,"column":42},"end":{"line":390,"column":null}}],"line":390},"35":{"loc":{"start":{"line":409,"column":17},"end":{"line":410,"column":null}},"type":"binary-expr","locations":[{"start":{"line":409,"column":17},"end":{"line":409,"column":null}},{"start":{"line":410,"column":18},"end":{"line":410,"column":null}}],"line":409},"36":{"loc":{"start":{"line":420,"column":17},"end":{"line":420,"column":null}},"type":"cond-expr","locations":[{"start":{"line":420,"column":33},"end":{"line":420,"column":49}},{"start":{"line":420,"column":49},"end":{"line":420,"column":null}}],"line":420},"37":{"loc":{"start":{"line":434,"column":7},"end":{"line":489,"column":null}},"type":"binary-expr","locations":[{"start":{"line":434,"column":7},"end":{"line":434,"column":null}},{"start":{"line":435,"column":8},"end":{"line":489,"column":null}}],"line":434},"38":{"loc":{"start":{"line":456,"column":19},"end":{"line":457,"column":null}},"type":"binary-expr","locations":[{"start":{"line":456,"column":19},"end":{"line":456,"column":null}},{"start":{"line":457,"column":20},"end":{"line":457,"column":null}}],"line":456},"39":{"loc":{"start":{"line":467,"column":17},"end":{"line":468,"column":null}},"type":"binary-expr","locations":[{"start":{"line":467,"column":17},"end":{"line":467,"column":null}},{"start":{"line":468,"column":18},"end":{"line":468,"column":null}}],"line":467},"40":{"loc":{"start":{"line":478,"column":17},"end":{"line":478,"column":null}},"type":"cond-expr","locations":[{"start":{"line":478,"column":31},"end":{"line":478,"column":47}},{"start":{"line":478,"column":47},"end":{"line":478,"column":null}}],"line":478},"41":{"loc":{"start":{"line":492,"column":7},"end":{"line":556,"column":null}},"type":"binary-expr","locations":[{"start":{"line":492,"column":7},"end":{"line":492,"column":null}},{"start":{"line":493,"column":8},"end":{"line":556,"column":null}}],"line":492},"42":{"loc":{"start":{"line":511,"column":15},"end":{"line":511,"column":null}},"type":"cond-expr","locations":[{"start":{"line":511,"column":43},"end":{"line":511,"column":50}},{"start":{"line":511,"column":50},"end":{"line":511,"column":null}}],"line":511},"43":{"loc":{"start":{"line":514,"column":15},"end":{"line":516,"column":null}},"type":"cond-expr","locations":[{"start":{"line":515,"column":18},"end":{"line":515,"column":null}},{"start":{"line":516,"column":18},"end":{"line":516,"column":null}}],"line":514},"44":{"loc":{"start":{"line":519,"column":32},"end":{"line":519,"column":80}},"type":"cond-expr","locations":[{"start":{"line":519,"column":60},"end":{"line":519,"column":69}},{"start":{"line":519,"column":69},"end":{"line":519,"column":80}}],"line":519},"45":{"loc":{"start":{"line":526,"column":13},"end":{"line":529,"column":null}},"type":"binary-expr","locations":[{"start":{"line":526,"column":13},"end":{"line":526,"column":null}},{"start":{"line":527,"column":14},"end":{"line":529,"column":null}}],"line":526},"46":{"loc":{"start":{"line":552,"column":17},"end":{"line":552,"column":null}},"type":"cond-expr","locations":[{"start":{"line":552,"column":37},"end":{"line":552,"column":55}},{"start":{"line":552,"column":55},"end":{"line":552,"column":null}}],"line":552},"47":{"loc":{"start":{"line":559,"column":7},"end":{"line":626,"column":null}},"type":"binary-expr","locations":[{"start":{"line":559,"column":7},"end":{"line":559,"column":null}},{"start":{"line":560,"column":8},"end":{"line":626,"column":null}}],"line":559},"48":{"loc":{"start":{"line":598,"column":13},"end":{"line":599,"column":null}},"type":"binary-expr","locations":[{"start":{"line":598,"column":13},"end":{"line":598,"column":null}},{"start":{"line":599,"column":14},"end":{"line":599,"column":null}}],"line":598},"49":{"loc":{"start":{"line":607,"column":17},"end":{"line":607,"column":null}},"type":"cond-expr","locations":[{"start":{"line":607,"column":37},"end":{"line":607,"column":53}},{"start":{"line":607,"column":53},"end":{"line":607,"column":null}}],"line":607},"50":{"loc":{"start":{"line":629,"column":7},"end":{"line":635,"column":null}},"type":"binary-expr","locations":[{"start":{"line":629,"column":7},"end":{"line":629,"column":null}},{"start":{"line":630,"column":8},"end":{"line":635,"column":null}}],"line":629},"51":{"loc":{"start":{"line":632,"column":31},"end":{"line":632,"column":79}},"type":"cond-expr","locations":[{"start":{"line":632,"column":56},"end":{"line":632,"column":68}},{"start":{"line":632,"column":68},"end":{"line":632,"column":79}}],"line":632}},"s":{"0":1,"1":1,"2":1,"3":1,"4":110,"5":110,"6":110,"7":110,"8":110,"9":110,"10":110,"11":110,"12":110,"13":110,"14":110,"15":110,"16":110,"17":110,"18":110,"19":110,"20":3,"21":3,"22":1,"23":3,"24":1,"25":3,"26":1,"27":3,"28":1,"29":3,"30":1,"31":3,"32":1,"33":3,"34":1,"35":3,"36":1,"37":3,"38":110,"39":7,"40":7,"41":1,"42":110,"43":28,"44":28,"45":28,"46":28,"47":0,"48":110,"49":22,"50":110,"51":178,"52":0,"53":89,"54":89,"55":0,"56":110,"57":5,"58":5,"59":5,"60":5,"61":110,"62":4,"63":4,"64":1,"65":4,"66":0,"67":4,"68":0,"69":4,"70":110,"71":4,"72":4,"73":1,"74":1,"75":3,"76":3,"77":3,"78":2,"79":2,"80":2,"81":2,"82":1,"83":1,"84":1,"85":3,"86":110,"87":3,"88":3,"89":2,"90":2,"91":1,"92":1,"93":1,"94":1,"95":1,"96":1,"97":1,"98":1,"99":0,"100":1,"101":110,"102":3,"103":3,"104":3,"105":3,"106":2,"107":3,"108":3,"109":1,"110":1,"111":110,"112":2,"113":2,"114":2,"115":2,"116":1,"117":1,"118":1,"119":1,"120":1,"121":110,"122":3,"123":3,"124":3,"125":178,"126":3,"127":5,"128":5,"129":0,"130":0,"131":114,"132":114,"133":114,"134":0,"135":114,"136":114,"137":114,"138":1,"139":0,"140":0,"141":0,"142":140,"143":14,"144":14,"145":14,"146":14,"147":0,"148":0,"149":88,"150":12,"151":12,"152":12,"153":12,"154":0,"155":1,"156":0,"157":1,"158":1,"159":21,"160":0},"f":{"0":110,"1":3,"2":7,"3":1,"4":28,"5":22,"6":178,"7":5,"8":4,"9":4,"10":3,"11":3,"12":3,"13":1,"14":2,"15":2,"16":1,"17":3,"18":178,"19":3,"20":5,"21":5,"22":0,"23":0,"24":114,"25":114,"26":114,"27":114,"28":1,"29":0,"30":0,"31":0,"32":140,"33":14,"34":14,"35":14,"36":0,"37":0,"38":88,"39":12,"40":12,"41":12,"42":0,"43":1,"44":0,"45":1,"46":1,"47":21,"48":0},"b":{"0":[1,2],"1":[1,2],"2":[1,2],"3":[1,2],"4":[1,2],"5":[1,2],"6":[1,2],"7":[3,2,2],"8":[1,2],"9":[7],"10":[28],"11":[0,89,89,0],"12":[5,0],"13":[1,3],"14":[0,4],"15":[0,4],"16":[1,3],"17":[1,0],"18":[2,1],"19":[0,0],"20":[1,1],"21":[1,0],"22":[1,0],"23":[89,89],"24":[89,89],"25":[3,0],"26":[89,89],"27":[89,89],"28":[114,4,0],"29":[0,114],"30":[114,4],"31":[0,114],"32":[110,4],"33":[110,20],"34":[140],"35":[140,8],"36":[1,19],"37":[110,22],"38":[88,66],"39":[88,1],"40":[3,19],"41":[110,9],"42":[7,2],"43":[7,2],"44":[7,2],"45":[9,1],"46":[3,6],"47":[110,7],"48":[7,1],"49":[2,5],"50":[110,7],"51":[1,6]},"meta":{"lastBranch":52,"lastFunction":49,"lastStatement":161,"seen":{"s:14:14:14:Infinity":0,"s:16:19:21:Infinity":1,"s:23:26:31:Infinity":2,"s:33:6:635:Infinity":3,"f:33:6:33:32":0,"s:34:16:34:40":4,"s:35:16:39:4":5,"s:40:24:40:59":6,"s:41:22:41:54":7,"s:42:15:42:46":8,"s:43:21:43:50":9,"s:44:22:44:55":10,"s:45:20:50:4":11,"s:51:20:57:4":12,"s:58:22:58:51":13,"s:59:21:59:49":14,"s:60:26:60:63":15,"s:61:21:61:65":16,"s:62:23:62:54":17,"s:63:24:63:59":18,"s:65:8:83:Infinity":19,"f:65:8:65:31":1,"s:66:19:66:21":20,"b:67:4:67:Infinity:undefined:undefined:undefined:undefined":0,"s:67:4:67:Infinity":21,"s:67:39:67:Infinity":22,"b:68:4:68:Infinity:undefined:undefined:undefined:undefined":1,"s:68:4:68:Infinity":23,"s:68:38:68:Infinity":24,"b:69:4:69:Infinity:undefined:undefined:undefined:undefined":2,"s:69:4:69:Infinity":25,"s:69:34:69:Infinity":26,"b:70:4:70:Infinity:undefined:undefined:undefined:undefined":3,"s:70:4:70:Infinity":27,"s:70:37:70:Infinity":28,"b:71:4:71:Infinity:undefined:undefined:undefined:undefined":4,"s:71:4:71:Infinity":29,"s:71:37:71:Infinity":30,"b:72:4:73:Infinity:undefined:undefined:undefined:undefined":5,"s:72:4:73:Infinity":31,"s:73:6:73:Infinity":32,"b:74:4:79:Infinity:undefined:undefined:undefined:undefined":6,"s:74:4:79:Infinity":33,"b:75:6:75:Infinity:76:6:76:Infinity:77:6:77:Infinity":7,"s:79:6:79:Infinity":34,"b:81:4:82:Infinity:undefined:undefined:undefined:undefined":8,"s:81:4:82:Infinity":35,"s:82:6:82:Infinity":36,"s:83:4:83:Infinity":37,"s:86:8:91:Infinity":38,"f:86:8:86:21":2,"b:86:37:86:51":9,"s:87:4:87:Infinity":39,"s:88:4:91:Infinity":40,"f:88:4:88:Infinity":3,"s:89:12:89:67":41,"s:94:20:100:Infinity":42,"f:94:20:94:27":4,"b:94:34:94:40":10,"s:95:4:100:Infinity":43,"s:96:18:96:38":44,"s:97:6:97:Infinity":45,"s:98:6:98:Infinity":46,"s:100:6:100:Infinity":47,"s:104:2:106:Infinity":48,"f:104:2:104:18":5,"s:105:4:105:Infinity":49,"s:108:8:117:Infinity":50,"f:108:8:108:24":6,"b:110:6:111:Infinity:112:6:113:Infinity:114:6:115:Infinity:116:6:117:Infinity":11,"s:109:4:117:Infinity":51,"s:111:8:111:Infinity":52,"s:113:8:113:Infinity":53,"s:115:8:115:Infinity":54,"s:117:8:117:Infinity":55,"s:121:8:130:Infinity":56,"f:121:8:121:26":7,"s:122:4:122:Infinity":57,"s:123:4:128:Infinity":58,"b:127:17:127:32:127:32:127:Infinity":12,"s:129:4:129:Infinity":59,"s:130:4:130:Infinity":60,"s:133:8:138:Infinity":61,"f:133:8:133:25":8,"s:134:19:134:21":62,"b:135:4:135:Infinity:undefined:undefined:undefined:undefined":13,"s:135:4:135:Infinity":63,"s:135:33:135:Infinity":64,"b:136:4:136:Infinity:undefined:undefined:undefined:undefined":14,"s:136:4:136:Infinity":65,"s:136:32:136:Infinity":66,"b:137:4:137:Infinity:undefined:undefined:undefined:undefined":15,"s:137:4:137:Infinity":67,"s:137:28:137:Infinity":68,"s:138:4:138:Infinity":69,"s:141:27:159:Infinity":70,"f:141:27:141:39":9,"s:142:19:142:29":71,"b:143:4:145:Infinity:undefined:undefined:undefined:undefined":16,"s:143:4:145:Infinity":72,"s:144:6:144:Infinity":73,"s:145:6:145:Infinity":74,"s:147:4:147:Infinity":75,"s:148:4:159:Infinity":76,"s:149:18:149:56":77,"s:150:6:150:Infinity":78,"s:151:6:151:Infinity":79,"s:152:6:152:Infinity":80,"s:153:6:153:Infinity":81,"s:155:6:155:Infinity":82,"s:156:6:156:Infinity":83,"s:157:6:157:Infinity":84,"b:157:16:157:48:157:48:157:65":17,"s:159:6:159:Infinity":85,"s:163:23:180:Infinity":86,"f:163:23:163:35":10,"s:164:19:164:35":87,"b:165:4:167:Infinity:undefined:undefined:undefined:undefined":18,"s:165:4:167:Infinity":88,"s:166:6:166:Infinity":89,"s:167:6:167:Infinity":90,"s:169:4:169:Infinity":91,"s:170:4:180:Infinity":92,"s:171:47:171:Infinity":93,"s:172:6:172:Infinity":94,"s:173:6:173:Infinity":95,"s:174:6:174:Infinity":96,"s:175:6:175:Infinity":97,"s:176:6:176:Infinity":98,"s:178:6:178:Infinity":99,"b:178:16:178:48:178:48:178:65":19,"s:180:6:180:Infinity":100,"s:184:21:200:Infinity":101,"f:184:21:184:33":11,"s:185:4:185:Infinity":102,"f:185:4:185:18":12,"s:185:28:185:67":103,"s:186:4:200:Infinity":104,"s:187:6:187:Infinity":105,"s:188:6:192:Infinity":106,"b:190:12:190:Infinity:191:12:191:Infinity":20,"s:193:6:193:Infinity":107,"s:194:6:194:Infinity":108,"s:196:6:200:Infinity":109,"f:196:6:196:20":13,"s:196:30:200:9":110,"b:199:15:199:47:199:47:199:Infinity":21,"s:204:27:222:Infinity":111,"f:204:27:204:39":14,"s:205:4:205:Infinity":112,"f:205:4:205:18":15,"s:205:28:205:67":113,"s:206:4:222:Infinity":114,"s:207:6:207:Infinity":115,"s:208:6:208:Infinity":116,"s:209:6:215:Infinity":117,"s:216:6:216:Infinity":118,"s:218:6:222:Infinity":119,"f:218:6:218:20":16,"s:218:30:222:9":120,"b:221:15:221:47:221:47:221:Infinity":22,"s:225:2:635:Infinity":121,"f:231:10:231:25":17,"s:232:12:232:Infinity":122,"s:233:12:233:Infinity":123,"s:234:12:234:Infinity":124,"f:259:19:259:24":18,"s:260:14:315:Infinity":125,"b:270:61:270:72:270:72:270:Infinity":23,"b:272:35:272:54:272:54:272:Infinity":24,"f:280:20:280:Infinity":19,"s:281:22:287:24":126,"b:284:30:284:40:284:40:284:Infinity":25,"f:297:46:297:61":20,"s:297:61:297:78":127,"f:302:20:302:Infinity":21,"s:303:22:308:24":128,"b:310:41:310:60:310:60:310:Infinity":26,"b:312:35:312:49:312:48:312:Infinity":27,"f:325:10:325:25":22,"s:325:25:325:53":129,"f:325:25:325:41":23,"s:325:47:325:53":130,"f:330:42:330:45":24,"s:330:54:330:60":131,"f:331:11:331:Infinity":25,"s:333:14:333:Infinity":132,"b:333:14:333:25:333:25:333:45:333:45:333:Infinity":28,"f:335:11:335:19":26,"b:336:12:336:Infinity:undefined:undefined:undefined:undefined":29,"s:336:12:336:Infinity":133,"b:336:16:336:27:336:27:336:49":30,"s:336:49:336:Infinity":134,"s:337:12:337:Infinity":135,"s:338:12:338:Infinity":136,"f:340:11:340:16":27,"s:341:12:352:Infinity":137,"b:342:14:344:Infinity:346:14:352:Infinity":31,"b:348:59:348:70:348:70:348:Infinity":32,"f:349:16:349:31":28,"s:349:31:349:48":138,"f:359:10:359:25":29,"s:359:25:359:53":139,"f:359:25:359:41":30,"s:359:47:359:53":140,"b:365:7:365:Infinity:366:8:431:Infinity":33,"f:373:14:373:29":31,"s:373:29:373:54":141,"f:390:14:390:19":32,"s:391:14:412:Infinity":142,"b:390:42:390:Infinity":34,"f:398:18:398:29":33,"s:399:20:402:Infinity":143,"f:399:20:399:35":34,"s:399:45:402:23":144,"s:403:20:406:Infinity":145,"f:403:20:403:37":35,"s:403:47:406:23":146,"b:409:17:409:Infinity:410:18:410:Infinity":35,"b:420:33:420:49:420:49:420:Infinity":36,"f:424:16:424:31":36,"s:424:31:424:56":147,"b:434:7:434:Infinity:435:8:489:Infinity":37,"f:442:14:442:29":37,"s:442:29:442:52":148,"f:452:14:452:19":38,"s:453:14:470:Infinity":149,"b:456:19:456:Infinity:457:20:457:Infinity":38,"f:462:18:462:29":39,"s:463:20:463:Infinity":150,"f:463:20:463:29":40,"s:463:39:463:77":151,"s:464:20:464:Infinity":152,"f:464:20:464:35":41,"s:464:45:464:78":153,"b:467:17:467:Infinity:468:18:468:Infinity":39,"b:478:31:478:47:478:47:478:Infinity":40,"f:482:16:482:31":42,"s:482:31:482:54":154,"b:492:7:492:Infinity:493:8:556:Infinity":41,"b:511:43:511:50:511:50:511:Infinity":42,"b:515:18:515:Infinity:516:18:516:Infinity":43,"b:519:60:519:69:519:69:519:80":44,"b:526:13:526:Infinity:527:14:529:Infinity":45,"f:536:16:536:Infinity":43,"s:537:18:542:20":155,"b:552:37:552:55:552:55:552:Infinity":46,"b:559:7:559:Infinity:560:8:626:Infinity":47,"f:567:14:567:Infinity":44,"s:568:16:574:18":156,"f:587:16:587:27":45,"s:588:18:588:77":157,"f:588:18:588:32":46,"s:588:42:588:77":158,"f:591:23:591:28":47,"s:592:18:594:Infinity":159,"b:598:13:598:Infinity:599:14:599:Infinity":48,"b:607:37:607:53:607:53:607:Infinity":49,"f:611:16:611:Infinity":48,"s:612:18:618:20":160,"b:629:7:629:Infinity:630:8:635:Infinity":50,"b:632:56:632:68:632:68:632:79":51}}}
,"D:\\NHUQUYNH\\HK2_25\\Kiem_thu_phan_mem\\language-center-management-system\\frontend\\src\\controllers\\Admin\\ClassManagement.jsx": {"path":"D:\\NHUQUYNH\\HK2_25\\Kiem_thu_phan_mem\\language-center-management-system\\frontend\\src\\controllers\\Admin\\ClassManagement.jsx","statementMap":{"0":{"start":{"line":21,"column":21},"end":{"line":31,"column":null}},"1":{"start":{"line":33,"column":19},"end":{"line":41,"column":null}},"2":{"start":{"line":43,"column":19},"end":{"line":50,"column":null}},"3":{"start":{"line":52,"column":6},"end":{"line":765,"column":null}},"4":{"start":{"line":53,"column":8},"end":{"line":53,"column":32}},"5":{"start":{"line":54,"column":20},"end":{"line":54,"column":51}},"6":{"start":{"line":55,"column":18},"end":{"line":55,"column":44}},"7":{"start":{"line":56,"column":18},"end":{"line":56,"column":44}},"8":{"start":{"line":57,"column":15},"end":{"line":57,"column":48}},"9":{"start":{"line":58,"column":17},"end":{"line":58,"column":42}},"10":{"start":{"line":59,"column":17},"end":{"line":59,"column":45}},"11":{"start":{"line":60,"column":23},"end":{"line":60,"column":56}},"12":{"start":{"line":61,"column":22},"end":{"line":66,"column":4}},"13":{"start":{"line":67,"column":19},"end":{"line":67,"column":46}},"14":{"start":{"line":68,"column":16},"end":{"line":68,"column":66}},"15":{"start":{"line":69,"column":16},"end":{"line":69,"column":40}},"16":{"start":{"line":70,"column":22},"end":{"line":70,"column":51}},"17":{"start":{"line":71,"column":21},"end":{"line":71,"column":49}},"18":{"start":{"line":73,"column":8},"end":{"line":75,"column":null}},"19":{"start":{"line":74,"column":4},"end":{"line":74,"column":null}},"20":{"start":{"line":75,"column":4},"end":{"line":75,"column":null}},"21":{"start":{"line":75,"column":21},"end":{"line":75,"column":59}},"22":{"start":{"line":78,"column":20},"end":{"line":80,"column":null}},"23":{"start":{"line":79,"column":16},"end":{"line":79,"column":32}},"24":{"start":{"line":80,"column":4},"end":{"line":80,"column":null}},"25":{"start":{"line":83,"column":22},"end":{"line":87,"column":null}},"26":{"start":{"line":84,"column":14},"end":{"line":84,"column":36}},"27":{"start":{"line":85,"column":4},"end":{"line":85,"column":null}},"28":{"start":{"line":86,"column":4},"end":{"line":86,"column":null}},"29":{"start":{"line":87,"column":4},"end":{"line":87,"column":null}},"30":{"start":{"line":90,"column":22},"end":{"line":92,"column":null}},"31":{"start":{"line":91,"column":14},"end":{"line":91,"column":32}},"32":{"start":{"line":92,"column":4},"end":{"line":92,"column":null}},"33":{"start":{"line":95,"column":23},"end":{"line":97,"column":null}},"34":{"start":{"line":96,"column":14},"end":{"line":96,"column":33}},"35":{"start":{"line":97,"column":4},"end":{"line":97,"column":null}},"36":{"start":{"line":100,"column":2},"end":{"line":102,"column":null}},"37":{"start":{"line":101,"column":4},"end":{"line":101,"column":null}},"38":{"start":{"line":104,"column":2},"end":{"line":108,"column":null}},"39":{"start":{"line":105,"column":4},"end":{"line":105,"column":null}},"40":{"start":{"line":106,"column":4},"end":{"line":106,"column":null}},"41":{"start":{"line":107,"column":4},"end":{"line":107,"column":null}},"42":{"start":{"line":110,"column":8},"end":{"line":132,"column":null}},"43":{"start":{"line":111,"column":4},"end":{"line":131,"column":null}},"44":{"start":{"line":112,"column":21},"end":{"line":112,"column":70}},"45":{"start":{"line":112,"column":48},"end":{"line":112,"column":70}},"46":{"start":{"line":113,"column":6},"end":{"line":117,"column":null}},"47":{"start":{"line":114,"column":8},"end":{"line":117,"column":null}},"48":{"start":{"line":116,"column":50},"end":{"line":116,"column":null}},"49":{"start":{"line":119,"column":6},"end":{"line":130,"column":null}},"50":{"start":{"line":132,"column":4},"end":{"line":132,"column":null}},"51":{"start":{"line":132,"column":25},"end":{"line":132,"column":60}},"52":{"start":{"line":135,"column":8},"end":{"line":142,"column":null}},"53":{"start":{"line":136,"column":4},"end":{"line":141,"column":null}},"54":{"start":{"line":136,"column":23},"end":{"line":141,"column":7}},"55":{"start":{"line":139,"column":8},"end":{"line":139,"column":null}},"56":{"start":{"line":142,"column":4},"end":{"line":142,"column":null}},"57":{"start":{"line":142,"column":25},"end":{"line":142,"column":60}},"58":{"start":{"line":145,"column":8},"end":{"line":160,"column":null}},"59":{"start":{"line":146,"column":17},"end":{"line":146,"column":19}},"60":{"start":{"line":147,"column":4},"end":{"line":147,"column":null}},"61":{"start":{"line":147,"column":27},"end":{"line":147,"column":null}},"62":{"start":{"line":148,"column":4},"end":{"line":148,"column":null}},"63":{"start":{"line":148,"column":22},"end":{"line":148,"column":null}},"64":{"start":{"line":149,"column":4},"end":{"line":149,"column":null}},"65":{"start":{"line":149,"column":26},"end":{"line":149,"column":null}},"66":{"start":{"line":150,"column":4},"end":{"line":150,"column":null}},"67":{"start":{"line":150,"column":24},"end":{"line":150,"column":null}},"68":{"start":{"line":151,"column":4},"end":{"line":153,"column":null}},"69":{"start":{"line":151,"column":24},"end":{"line":151,"column":null}},"70":{"start":{"line":152,"column":13},"end":{"line":153,"column":null}},"71":{"start":{"line":153,"column":6},"end":{"line":153,"column":null}},"72":{"start":{"line":154,"column":4},"end":{"line":155,"column":null}},"73":{"start":{"line":155,"column":6},"end":{"line":155,"column":null}},"74":{"start":{"line":156,"column":4},"end":{"line":159,"column":null}},"75":{"start":{"line":157,"column":6},"end":{"line":157,"column":null}},"76":{"start":{"line":158,"column":13},"end":{"line":159,"column":null}},"77":{"start":{"line":158,"column":40},"end":{"line":158,"column":48}},"78":{"start":{"line":159,"column":6},"end":{"line":159,"column":null}},"79":{"start":{"line":160,"column":4},"end":{"line":160,"column":null}},"80":{"start":{"line":163,"column":8},"end":{"line":169,"column":null}},"81":{"start":{"line":164,"column":28},"end":{"line":164,"column":null}},"82":{"start":{"line":165,"column":4},"end":{"line":168,"column":null}},"83":{"start":{"line":165,"column":23},"end":{"line":168,"column":7}},"84":{"start":{"line":169,"column":4},"end":{"line":169,"column":null}},"85":{"start":{"line":169,"column":25},"end":{"line":169,"column":57}},"86":{"start":{"line":172,"column":8},"end":{"line":176,"column":null}},"87":{"start":{"line":173,"column":4},"end":{"line":173,"column":null}},"88":{"start":{"line":174,"column":4},"end":{"line":174,"column":null}},"89":{"start":{"line":175,"column":4},"end":{"line":175,"column":null}},"90":{"start":{"line":176,"column":4},"end":{"line":176,"column":null}},"91":{"start":{"line":179,"column":8},"end":{"line":197,"column":null}},"92":{"start":{"line":180,"column":4},"end":{"line":180,"column":null}},"93":{"start":{"line":181,"column":4},"end":{"line":196,"column":null}},"94":{"start":{"line":190,"column":57},"end":{"line":195,"column":null}},"95":{"start":{"line":197,"column":4},"end":{"line":197,"column":null}},"96":{"start":{"line":200,"column":23},"end":{"line":209,"column":null}},"97":{"start":{"line":201,"column":4},"end":{"line":209,"column":null}},"98":{"start":{"line":202,"column":6},"end":{"line":202,"column":null}},"99":{"start":{"line":203,"column":6},"end":{"line":203,"column":null}},"100":{"start":{"line":204,"column":6},"end":{"line":204,"column":null}},"101":{"start":{"line":205,"column":6},"end":{"line":205,"column":null}},"102":{"start":{"line":207,"column":6},"end":{"line":207,"column":null}},"103":{"start":{"line":208,"column":18},"end":{"line":208,"column":null}},"104":{"start":{"line":209,"column":6},"end":{"line":209,"column":null}},"105":{"start":{"line":209,"column":32},"end":{"line":209,"column":57}},"106":{"start":{"line":213,"column":21},"end":{"line":262,"column":null}},"107":{"start":{"line":214,"column":17},"end":{"line":214,"column":27}},"108":{"start":{"line":215,"column":4},"end":{"line":217,"column":null}},"109":{"start":{"line":216,"column":6},"end":{"line":216,"column":null}},"110":{"start":{"line":217,"column":6},"end":{"line":217,"column":null}},"111":{"start":{"line":220,"column":4},"end":{"line":262,"column":null}},"112":{"start":{"line":221,"column":6},"end":{"line":221,"column":null}},"113":{"start":{"line":223,"column":22},"end":{"line":238,"column":null}},"114":{"start":{"line":232,"column":52},"end":{"line":237,"column":null}},"115":{"start":{"line":240,"column":6},"end":{"line":243,"column":null}},"116":{"start":{"line":241,"column":8},"end":{"line":241,"column":null}},"117":{"start":{"line":243,"column":8},"end":{"line":243,"column":null}},"118":{"start":{"line":245,"column":6},"end":{"line":245,"column":null}},"119":{"start":{"line":246,"column":6},"end":{"line":250,"column":null}},"120":{"start":{"line":251,"column":6},"end":{"line":251,"column":null}},"121":{"start":{"line":253,"column":19},"end":{"line":253,"column":null}},"122":{"start":{"line":254,"column":6},"end":{"line":254,"column":null}},"123":{"start":{"line":255,"column":18},"end":{"line":259,"column":null}},"124":{"start":{"line":260,"column":6},"end":{"line":260,"column":null}},"125":{"start":{"line":262,"column":6},"end":{"line":262,"column":null}},"126":{"start":{"line":266,"column":2},"end":{"line":765,"column":null}},"127":{"start":{"line":270,"column":51},"end":{"line":270,"column":69}},"128":{"start":{"line":295,"column":14},"end":{"line":350,"column":null}},"129":{"start":{"line":299,"column":33},"end":{"line":299,"column":76}},"130":{"start":{"line":332,"column":35},"end":{"line":332,"column":56}},"131":{"start":{"line":339,"column":22},"end":{"line":344,"column":24}},"132":{"start":{"line":360,"column":25},"end":{"line":360,"column":53}},"133":{"start":{"line":360,"column":47},"end":{"line":360,"column":53}},"134":{"start":{"line":365,"column":54},"end":{"line":365,"column":60}},"135":{"start":{"line":368,"column":14},"end":{"line":368,"column":null}},"136":{"start":{"line":371,"column":12},"end":{"line":371,"column":null}},"137":{"start":{"line":371,"column":49},"end":{"line":371,"column":null}},"138":{"start":{"line":372,"column":12},"end":{"line":372,"column":null}},"139":{"start":{"line":373,"column":12},"end":{"line":373,"column":null}},"140":{"start":{"line":376,"column":12},"end":{"line":387,"column":null}},"141":{"start":{"line":384,"column":31},"end":{"line":384,"column":48}},"142":{"start":{"line":394,"column":25},"end":{"line":394,"column":53}},"143":{"start":{"line":394,"column":47},"end":{"line":394,"column":53}},"144":{"start":{"line":455,"column":18},"end":{"line":460,"column":20}},"145":{"start":{"line":506,"column":20},"end":{"line":508,"column":null}},"146":{"start":{"line":523,"column":20},"end":{"line":526,"column":23}},"147":{"start":{"line":523,"column":39},"end":{"line":526,"column":23}},"148":{"start":{"line":541,"column":20},"end":{"line":544,"column":23}},"149":{"start":{"line":541,"column":39},"end":{"line":544,"column":23}},"150":{"start":{"line":579,"column":20},"end":{"line":581,"column":null}},"151":{"start":{"line":595,"column":20},"end":{"line":600,"column":23}},"152":{"start":{"line":595,"column":39},"end":{"line":600,"column":23}},"153":{"start":{"line":635,"column":37},"end":{"line":636,"column":null}},"154":{"start":{"line":636,"column":27},"end":{"line":636,"column":null}},"155":{"start":{"line":638,"column":18},"end":{"line":655,"column":null}},"156":{"start":{"line":642,"column":37},"end":{"line":642,"column":51}},"157":{"start":{"line":661,"column":32},"end":{"line":661,"column":62}},"158":{"start":{"line":663,"column":18},"end":{"line":734,"column":null}},"159":{"start":{"line":689,"column":37},"end":{"line":690,"column":null}},"160":{"start":{"line":690,"column":33},"end":{"line":690,"column":null}},"161":{"start":{"line":692,"column":24},"end":{"line":695,"column":null}},"162":{"start":{"line":706,"column":24},"end":{"line":708,"column":null}},"163":{"start":{"line":715,"column":24},"end":{"line":717,"column":26}},"164":{"start":{"line":729,"column":24},"end":{"line":731,"column":null}}},"fnMap":{"0":{"name":"(anonymous_0)","decl":{"start":{"line":52,"column":6},"end":{"line":52,"column":30}},"loc":{"start":{"line":52,"column":30},"end":{"line":765,"column":null}},"line":52},"1":{"name":"(anonymous_1)","decl":{"start":{"line":73,"column":8},"end":{"line":73,"column":21}},"loc":{"start":{"line":73,"column":33},"end":{"line":75,"column":null}},"line":73},"2":{"name":"(anonymous_2)","decl":{"start":{"line":75,"column":4},"end":{"line":75,"column":21}},"loc":{"start":{"line":75,"column":21},"end":{"line":75,"column":59}},"line":75},"3":{"name":"(anonymous_3)","decl":{"start":{"line":78,"column":20},"end":{"line":78,"column":32}},"loc":{"start":{"line":78,"column":32},"end":{"line":80,"column":null}},"line":78},"4":{"name":"(anonymous_4)","decl":{"start":{"line":83,"column":22},"end":{"line":83,"column":29}},"loc":{"start":{"line":83,"column":42},"end":{"line":87,"column":null}},"line":83},"5":{"name":"(anonymous_5)","decl":{"start":{"line":90,"column":22},"end":{"line":90,"column":34}},"loc":{"start":{"line":90,"column":34},"end":{"line":92,"column":null}},"line":90},"6":{"name":"(anonymous_6)","decl":{"start":{"line":95,"column":23},"end":{"line":95,"column":35}},"loc":{"start":{"line":95,"column":35},"end":{"line":97,"column":null}},"line":95},"7":{"name":"(anonymous_7)","decl":{"start":{"line":100,"column":2},"end":{"line":100,"column":18}},"loc":{"start":{"line":100,"column":18},"end":{"line":102,"column":6}},"line":100},"8":{"name":"(anonymous_8)","decl":{"start":{"line":104,"column":2},"end":{"line":104,"column":18}},"loc":{"start":{"line":104,"column":18},"end":{"line":108,"column":7}},"line":104},"9":{"name":"(anonymous_9)","decl":{"start":{"line":110,"column":8},"end":{"line":110,"column":21}},"loc":{"start":{"line":110,"column":29},"end":{"line":132,"column":null}},"line":110},"10":{"name":"(anonymous_10)","decl":{"start":{"line":111,"column":4},"end":{"line":111,"column":13}},"loc":{"start":{"line":111,"column":22},"end":{"line":131,"column":null}},"line":111},"11":{"name":"(anonymous_11)","decl":{"start":{"line":112,"column":36},"end":{"line":112,"column":42}},"loc":{"start":{"line":112,"column":48},"end":{"line":112,"column":70}},"line":112},"12":{"name":"(anonymous_12)","decl":{"start":{"line":116,"column":36},"end":{"line":116,"column":44}},"loc":{"start":{"line":116,"column":50},"end":{"line":116,"column":null}},"line":116},"13":{"name":"(anonymous_13)","decl":{"start":{"line":132,"column":4},"end":{"line":132,"column":15}},"loc":{"start":{"line":132,"column":25},"end":{"line":132,"column":60}},"line":132},"14":{"name":"(anonymous_14)","decl":{"start":{"line":135,"column":8},"end":{"line":135,"column":31}},"loc":{"start":{"line":135,"column":50},"end":{"line":142,"column":null}},"line":135},"15":{"name":"(anonymous_15)","decl":{"start":{"line":136,"column":4},"end":{"line":136,"column":13}},"loc":{"start":{"line":136,"column":23},"end":{"line":141,"column":7}},"line":136},"16":{"name":"(anonymous_16)","decl":{"start":{"line":138,"column":32},"end":{"line":138,"column":37}},"loc":{"start":{"line":139,"column":8},"end":{"line":139,"column":null}},"line":139},"17":{"name":"(anonymous_17)","decl":{"start":{"line":142,"column":4},"end":{"line":142,"column":15}},"loc":{"start":{"line":142,"column":25},"end":{"line":142,"column":60}},"line":142},"18":{"name":"(anonymous_18)","decl":{"start":{"line":145,"column":8},"end":{"line":145,"column":25}},"loc":{"start":{"line":145,"column":25},"end":{"line":160,"column":null}},"line":145},"19":{"name":"(anonymous_19)","decl":{"start":{"line":158,"column":28},"end":{"line":158,"column":34}},"loc":{"start":{"line":158,"column":40},"end":{"line":158,"column":48}},"line":158},"20":{"name":"(anonymous_20)","decl":{"start":{"line":163,"column":8},"end":{"line":163,"column":24}},"loc":{"start":{"line":163,"column":30},"end":{"line":169,"column":null}},"line":163},"21":{"name":"(anonymous_21)","decl":{"start":{"line":165,"column":4},"end":{"line":165,"column":13}},"loc":{"start":{"line":165,"column":23},"end":{"line":168,"column":7}},"line":165},"22":{"name":"(anonymous_22)","decl":{"start":{"line":169,"column":4},"end":{"line":169,"column":15}},"loc":{"start":{"line":169,"column":25},"end":{"line":169,"column":57}},"line":169},"23":{"name":"(anonymous_23)","decl":{"start":{"line":172,"column":8},"end":{"line":172,"column":28}},"loc":{"start":{"line":172,"column":28},"end":{"line":176,"column":null}},"line":172},"24":{"name":"(anonymous_24)","decl":{"start":{"line":179,"column":8},"end":{"line":179,"column":22}},"loc":{"start":{"line":179,"column":36},"end":{"line":197,"column":null}},"line":179},"25":{"name":"(anonymous_25)","decl":{"start":{"line":190,"column":45},"end":{"line":190,"column":50}},"loc":{"start":{"line":190,"column":57},"end":{"line":195,"column":null}},"line":190},"26":{"name":"(anonymous_26)","decl":{"start":{"line":200,"column":23},"end":{"line":200,"column":35}},"loc":{"start":{"line":200,"column":35},"end":{"line":209,"column":null}},"line":200},"27":{"name":"(anonymous_27)","decl":{"start":{"line":209,"column":6},"end":{"line":209,"column":22}},"loc":{"start":{"line":209,"column":32},"end":{"line":209,"column":57}},"line":209},"28":{"name":"(anonymous_28)","decl":{"start":{"line":213,"column":21},"end":{"line":213,"column":33}},"loc":{"start":{"line":213,"column":33},"end":{"line":262,"column":null}},"line":213},"29":{"name":"(anonymous_29)","decl":{"start":{"line":232,"column":40},"end":{"line":232,"column":45}},"loc":{"start":{"line":232,"column":52},"end":{"line":237,"column":null}},"line":232},"30":{"name":"(anonymous_30)","decl":{"start":{"line":270,"column":36},"end":{"line":270,"column":51}},"loc":{"start":{"line":270,"column":51},"end":{"line":270,"column":69}},"line":270},"31":{"name":"(anonymous_31)","decl":{"start":{"line":294,"column":21},"end":{"line":294,"column":26}},"loc":{"start":{"line":295,"column":14},"end":{"line":350,"column":null}},"line":295},"32":{"name":"(anonymous_32)","decl":{"start":{"line":299,"column":18},"end":{"line":299,"column":33}},"loc":{"start":{"line":299,"column":33},"end":{"line":299,"column":76}},"line":299},"33":{"name":"(anonymous_33)","decl":{"start":{"line":332,"column":20},"end":{"line":332,"column":35}},"loc":{"start":{"line":332,"column":35},"end":{"line":332,"column":56}},"line":332},"34":{"name":"(anonymous_34)","decl":{"start":{"line":338,"column":20},"end":{"line":338,"column":null}},"loc":{"start":{"line":339,"column":22},"end":{"line":344,"column":24}},"line":339},"35":{"name":"(anonymous_35)","decl":{"start":{"line":360,"column":10},"end":{"line":360,"column":25}},"loc":{"start":{"line":360,"column":25},"end":{"line":360,"column":53}},"line":360},"36":{"name":"(anonymous_36)","decl":{"start":{"line":360,"column":25},"end":{"line":360,"column":41}},"loc":{"start":{"line":360,"column":47},"end":{"line":360,"column":53}},"line":360},"37":{"name":"(anonymous_37)","decl":{"start":{"line":365,"column":42},"end":{"line":365,"column":45}},"loc":{"start":{"line":365,"column":54},"end":{"line":365,"column":60}},"line":365},"38":{"name":"(anonymous_38)","decl":{"start":{"line":366,"column":11},"end":{"line":366,"column":null}},"loc":{"start":{"line":368,"column":14},"end":{"line":368,"column":null}},"line":368},"39":{"name":"(anonymous_39)","decl":{"start":{"line":370,"column":11},"end":{"line":370,"column":19}},"loc":{"start":{"line":370,"column":40},"end":{"line":374,"column":15}},"line":370},"40":{"name":"(anonymous_40)","decl":{"start":{"line":375,"column":11},"end":{"line":375,"column":16}},"loc":{"start":{"line":376,"column":12},"end":{"line":387,"column":null}},"line":376},"41":{"name":"(anonymous_41)","decl":{"start":{"line":384,"column":16},"end":{"line":384,"column":31}},"loc":{"start":{"line":384,"column":31},"end":{"line":384,"column":48}},"line":384},"42":{"name":"(anonymous_42)","decl":{"start":{"line":394,"column":10},"end":{"line":394,"column":25}},"loc":{"start":{"line":394,"column":25},"end":{"line":394,"column":53}},"line":394},"43":{"name":"(anonymous_43)","decl":{"start":{"line":394,"column":25},"end":{"line":394,"column":41}},"loc":{"start":{"line":394,"column":47},"end":{"line":394,"column":53}},"line":394},"44":{"name":"(anonymous_44)","decl":{"start":{"line":454,"column":16},"end":{"line":454,"column":null}},"loc":{"start":{"line":455,"column":18},"end":{"line":460,"column":20}},"line":455},"45":{"name":"(anonymous_45)","decl":{"start":{"line":505,"column":27},"end":{"line":505,"column":32}},"loc":{"start":{"line":506,"column":20},"end":{"line":508,"column":null}},"line":506},"46":{"name":"(anonymous_46)","decl":{"start":{"line":522,"column":18},"end":{"line":522,"column":29}},"loc":{"start":{"line":523,"column":20},"end":{"line":526,"column":23}},"line":523},"47":{"name":"(anonymous_47)","decl":{"start":{"line":523,"column":20},"end":{"line":523,"column":29}},"loc":{"start":{"line":523,"column":39},"end":{"line":526,"column":23}},"line":523},"48":{"name":"(anonymous_48)","decl":{"start":{"line":540,"column":18},"end":{"line":540,"column":29}},"loc":{"start":{"line":541,"column":20},"end":{"line":544,"column":23}},"line":541},"49":{"name":"(anonymous_49)","decl":{"start":{"line":541,"column":20},"end":{"line":541,"column":29}},"loc":{"start":{"line":541,"column":39},"end":{"line":544,"column":23}},"line":541},"50":{"name":"(anonymous_50)","decl":{"start":{"line":578,"column":28},"end":{"line":578,"column":33}},"loc":{"start":{"line":579,"column":20},"end":{"line":581,"column":null}},"line":579},"51":{"name":"(anonymous_51)","decl":{"start":{"line":594,"column":18},"end":{"line":594,"column":29}},"loc":{"start":{"line":595,"column":20},"end":{"line":600,"column":23}},"line":595},"52":{"name":"(anonymous_52)","decl":{"start":{"line":595,"column":20},"end":{"line":595,"column":29}},"loc":{"start":{"line":595,"column":39},"end":{"line":600,"column":23}},"line":595},"53":{"name":"(anonymous_53)","decl":{"start":{"line":634,"column":28},"end":{"line":634,"column":33}},"loc":{"start":{"line":634,"column":48},"end":{"line":655,"column":null}},"line":634},"54":{"name":"(anonymous_54)","decl":{"start":{"line":635,"column":52},"end":{"line":635,"column":null}},"loc":{"start":{"line":636,"column":27},"end":{"line":636,"column":null}},"line":636},"55":{"name":"(anonymous_55)","decl":{"start":{"line":642,"column":22},"end":{"line":642,"column":37}},"loc":{"start":{"line":642,"column":37},"end":{"line":642,"column":51}},"line":642},"56":{"name":"(anonymous_56)","decl":{"start":{"line":661,"column":17},"end":{"line":661,"column":23}},"loc":{"start":{"line":661,"column":32},"end":{"line":661,"column":62}},"line":661},"57":{"name":"(anonymous_57)","decl":{"start":{"line":662,"column":17},"end":{"line":662,"column":22}},"loc":{"start":{"line":663,"column":18},"end":{"line":734,"column":null}},"line":663},"58":{"name":"(anonymous_58)","decl":{"start":{"line":688,"column":22},"end":{"line":688,"column":33}},"loc":{"start":{"line":688,"column":39},"end":{"line":695,"column":null}},"line":688},"59":{"name":"(anonymous_59)","decl":{"start":{"line":689,"column":48},"end":{"line":689,"column":null}},"loc":{"start":{"line":690,"column":33},"end":{"line":690,"column":null}},"line":690},"60":{"name":"(anonymous_60)","decl":{"start":{"line":705,"column":34},"end":{"line":705,"column":39}},"loc":{"start":{"line":706,"column":24},"end":{"line":708,"column":null}},"line":706},"61":{"name":"(anonymous_61)","decl":{"start":{"line":714,"column":22},"end":{"line":714,"column":33}},"loc":{"start":{"line":715,"column":24},"end":{"line":717,"column":26}},"line":715},"62":{"name":"(anonymous_62)","decl":{"start":{"line":728,"column":29},"end":{"line":728,"column":34}},"loc":{"start":{"line":729,"column":24},"end":{"line":731,"column":null}},"line":729}},"branchMap":{"0":{"loc":{"start":{"line":83,"column":29},"end":{"line":83,"column":42}},"type":"default-arg","locations":[{"start":{"line":83,"column":36},"end":{"line":83,"column":42}}],"line":83},"1":{"loc":{"start":{"line":113,"column":6},"end":{"line":117,"column":null}},"type":"if","locations":[{"start":{"line":113,"column":6},"end":{"line":117,"column":null}},{"start":{},"end":{}}],"line":113},"2":{"loc":{"start":{"line":139,"column":8},"end":{"line":139,"column":null}},"type":"cond-expr","locations":[{"start":{"line":139,"column":35},"end":{"line":139,"column":57}},{"start":{"line":139,"column":57},"end":{"line":139,"column":null}}],"line":139},"3":{"loc":{"start":{"line":147,"column":4},"end":{"line":147,"column":null}},"type":"if","locations":[{"start":{"line":147,"column":4},"end":{"line":147,"column":null}},{"start":{},"end":{}}],"line":147},"4":{"loc":{"start":{"line":148,"column":4},"end":{"line":148,"column":null}},"type":"if","locations":[{"start":{"line":148,"column":4},"end":{"line":148,"column":null}},{"start":{},"end":{}}],"line":148},"5":{"loc":{"start":{"line":149,"column":4},"end":{"line":149,"column":null}},"type":"if","locations":[{"start":{"line":149,"column":4},"end":{"line":149,"column":null}},{"start":{},"end":{}}],"line":149},"6":{"loc":{"start":{"line":150,"column":4},"end":{"line":150,"column":null}},"type":"if","locations":[{"start":{"line":150,"column":4},"end":{"line":150,"column":null}},{"start":{},"end":{}}],"line":150},"7":{"loc":{"start":{"line":151,"column":4},"end":{"line":153,"column":null}},"type":"if","locations":[{"start":{"line":151,"column":4},"end":{"line":153,"column":null}},{"start":{"line":152,"column":13},"end":{"line":153,"column":null}}],"line":151},"8":{"loc":{"start":{"line":152,"column":13},"end":{"line":153,"column":null}},"type":"if","locations":[{"start":{"line":152,"column":13},"end":{"line":153,"column":null}},{"start":{},"end":{}}],"line":152},"9":{"loc":{"start":{"line":152,"column":13},"end":{"line":152,"column":null}},"type":"binary-expr","locations":[{"start":{"line":152,"column":13},"end":{"line":152,"column":35}},{"start":{"line":152,"column":35},"end":{"line":152,"column":null}}],"line":152},"10":{"loc":{"start":{"line":154,"column":4},"end":{"line":155,"column":null}},"type":"if","locations":[{"start":{"line":154,"column":4},"end":{"line":155,"column":null}},{"start":{},"end":{}}],"line":154},"11":{"loc":{"start":{"line":154,"column":8},"end":{"line":154,"column":null}},"type":"binary-expr","locations":[{"start":{"line":154,"column":8},"end":{"line":154,"column":27}},{"start":{"line":154,"column":27},"end":{"line":154,"column":44}},{"start":{"line":154,"column":44},"end":{"line":154,"column":null}}],"line":154},"12":{"loc":{"start":{"line":156,"column":4},"end":{"line":159,"column":null}},"type":"if","locations":[{"start":{"line":156,"column":4},"end":{"line":159,"column":null}},{"start":{"line":158,"column":13},"end":{"line":159,"column":null}}],"line":156},"13":{"loc":{"start":{"line":158,"column":13},"end":{"line":159,"column":null}},"type":"if","locations":[{"start":{"line":158,"column":13},"end":{"line":159,"column":null}},{"start":{},"end":{}}],"
[...]
,"D:\\NHUQUYNH\\HK2_25\\Kiem_thu_phan_mem\\language-center-management-system\\frontend\\src\\services\\studentService.js": {"path":"D:\\NHUQUYNH\\HK2_25\\Kiem_thu_phan_mem\\language-center-management-system\\frontend\\src\\services\\studentService.js","statementMap":{"0":{"start":{"line":4,"column":26},"end":{"line":6,"column":null}},"1":{"start":{"line":5,"column":16},"end":{"line":5,"column":43}},"2":{"start":{"line":6,"column":4},"end":{"line":6,"column":null}},"3":{"start":{"line":9,"column":32},"end":{"line":16,"column":null}},"4":{"start":{"line":10,"column":4},"end":{"line":16,"column":null}},"5":{"start":{"line":11,"column":20},"end":{"line":11,"column":59}},"6":{"start":{"line":12,"column":8},"end":{"line":12,"column":null}},"7":{"start":{"line":14,"column":8},"end":{"line":14,"column":null}},"8":{"start":{"line":15,"column":8},"end":{"line":15,"column":null}},"9":{"start":{"line":16,"column":8},"end":{"line":16,"column":null}},"10":{"start":{"line":20,"column":38},"end":{"line":26,"column":null}},"11":{"start":{"line":21,"column":16},"end":{"line":25,"column":6}},"12":{"start":{"line":26,"column":4},"end":{"line":26,"column":null}},"13":{"start":{"line":29,"column":31},"end":{"line":31,"column":null}},"14":{"start":{"line":30,"column":16},"end":{"line":30,"column":55}},"15":{"start":{"line":31,"column":4},"end":{"line":31,"column":null}},"16":{"start":{"line":34,"column":28},"end":{"line":36,"column":null}},"17":{"start":{"line":35,"column":16},"end":{"line":35,"column":52}},"18":{"start":{"line":36,"column":4},"end":{"line":36,"column":null}},"19":{"start":{"line":39,"column":29},"end":{"line":41,"column":null}},"20":{"start":{"line":40,"column":16},"end":{"line":40,"column":43}},"21":{"start":{"line":41,"column":4},"end":{"line":41,"column":null}},"22":{"start":{"line":44,"column":32},"end":{"line":46,"column":null}},"23":{"start":{"line":45,"column":16},"end":{"line":45,"column":51}},"24":{"start":{"line":46,"column":4},"end":{"line":46,"column":null}},"25":{"start":{"line":49,"column":32},"end":{"line":51,"column":null}},"26":{"start":{"line":50,"column":16},"end":{"line":50,"column":49}},"27":{"start":{"line":51,"column":4},"end":{"line":51,"column":null}},"28":{"start":{"line":54,"column":32},"end":{"line":56,"column":null}},"29":{"start":{"line":55,"column":14},"end":{"line":55,"column":67}},"30":{"start":{"line":56,"column":2},"end":{"line":56,"column":null}},"31":{"start":{"line":59,"column":32},"end":{"line":61,"column":null}},"32":{"start":{"line":60,"column":14},"end":{"line":60,"column":44}},"33":{"start":{"line":61,"column":2},"end":{"line":61,"column":null}}},"fnMap":{"0":{"name":"(anonymous_0)","decl":{"start":{"line":4,"column":26},"end":{"line":4,"column":38}},"loc":{"start":{"line":4,"column":38},"end":{"line":6,"column":null}},"line":4},"1":{"name":"(anonymous_1)","decl":{"start":{"line":9,"column":32},"end":{"line":9,"column":39}},"loc":{"start":{"line":9,"column":52},"end":{"line":16,"column":null}},"line":9},"2":{"name":"(anonymous_2)","decl":{"start":{"line":20,"column":38},"end":{"line":20,"column":45}},"loc":{"start":{"line":20,"column":58},"end":{"line":26,"column":null}},"line":20},"3":{"name":"(anonymous_3)","decl":{"start":{"line":29,"column":31},"end":{"line":29,"column":43}},"loc":{"start":{"line":29,"column":43},"end":{"line":31,"column":null}},"line":29},"4":{"name":"(anonymous_4)","decl":{"start":{"line":34,"column":28},"end":{"line":34,"column":40}},"loc":{"start":{"line":34,"column":40},"end":{"line":36,"column":null}},"line":34},"5":{"name":"(anonymous_5)","decl":{"start":{"line":39,"column":29},"end":{"line":39,"column":41}},"loc":{"start":{"line":39,"column":41},"end":{"line":41,"column":null}},"line":39},"6":{"name":"(anonymous_6)","decl":{"start":{"line":44,"column":32},"end":{"line":44,"column":44}},"loc":{"start":{"line":44,"column":44},"end":{"line":46,"column":null}},"line":44},"7":{"name":"(anonymous_7)","decl":{"start":{"line":49,"column":32},"end":{"line":49,"column":39}},"loc":{"start":{"line":49,"column":46},"end":{"line":51,"column":null}},"line":49},"8":{"name":"(anonymous_8)","decl":{"start":{"line":54,"column":32},"end":{"line":54,"column":39}},"loc":{"start":{"line":54,"column":51},"end":{"line":56,"column":null}},"line":54},"9":{"name":"(anonymous_9)","decl":{"start":{"line":59,"column":32},"end":{"line":59,"column":44}},"loc":{"start":{"line":59,"column":44},"end":{"line":61,"column":null}},"line":59}},"branchMap":{},"s":{"0":1,"1":3,"2":2,"3":1,"4":3,"5":3,"6":2,"7":1,"8":1,"9":1,"10":1,"11":3,"12":2,"13":1,"14":3,"15":3,"16":1,"17":4,"18":3,"19":1,"20":3,"21":3,"22":1,"23":3,"24":2,"25":1,"26":4,"27":3,"28":1,"29":0,"30":0,"31":1,"32":0,"33":0},"f":{"0":3,"1":3,"2":3,"3":3,"4":4,"5":3,"6":3,"7":4,"8":0,"9":0},"b":{},"meta":{"lastBranch":0,"lastFunction":10,"lastStatement":34,"seen":{"s:4:26:6:Infinity":0,"f:4:26:4:38":0,"s:5:16:5:43":1,"s:6:4:6:Infinity":2,"s:9:32:16:Infinity":3,"f:9:32:9:39":1,"s:10:4:16:Infinity":4,"s:11:20:11:59":5,"s:12:8:12:Infinity":6,"s:14:8:14:Infinity":7,"s:15:8:15:Infinity":8,"s:16:8:16:Infinity":9,"s:20:38:26:Infinity":10,"f:20:38:20:45":2,"s:21:16:25:6":11,"s:26:4:26:Infinity":12,"s:29:31:31:Infinity":13,"f:29:31:29:43":3,"s:30:16:30:55":14,"s:31:4:31:Infinity":15,"s:34:28:36:Infinity":16,"f:34:28:34:40":4,"s:35:16:35:52":17,"s:36:4:36:Infinity":18,"s:39:29:41:Infinity":19,"f:39:29:39:41":5,"s:40:16:40:43":20,"s:41:4:41:Infinity":21,"s:44:32:46:Infinity":22,"f:44:32:44:44":6,"s:45:16:45:51":23,"s:46:4:46:Infinity":24,"s:49:32:51:Infinity":25,"f:49:32:49:39":7,"s:50:16:50:49":26,"s:51:4:51:Infinity":27,"s:54:32:56:Infinity":28,"f:54:32:54:39":8,"s:55:14:55:67":29,"s:56:2:56:Infinity":30,"s:59:32:61:Infinity":31,"f:59:32:59:44":9,"s:60:14:60:44":32,"s:61:2:61:Infinity":33}}}
,"D:\\NHUQUYNH\\HK2_25\\Kiem_thu_phan_mem\\language-center-management-system\\frontend\\src\\utils\\format.js": {"path":"D:\\NHUQUYNH\\HK2_25\\Kiem_thu_phan_mem\\language-center-management-system\\frontend\\src\\utils\\format.js","statementMap":{"0":{"start":{"line":1,"column":13},"end":{"line":15,"column":null}},"1":{"start":{"line":2,"column":2},"end":{"line":2,"column":null}},"2":{"start":{"line":2,"column":16},"end":{"line":2,"column":null}},"3":{"start":{"line":4,"column":4},"end":{"line":4,"column":null}},"4":{"start":{"line":6,"column":15},"end":{"line":6,"column":35}},"5":{"start":{"line":8,"column":2},"end":{"line":9,"column":null}},"6":{"start":{"line":9,"column":4},"end":{"line":9,"column":null}},"7":{"start":{"line":11,"column":14},"end":{"line":11,"column":53}},"8":{"start":{"line":12,"column":16},"end":{"line":12,"column":60}},"9":{"start":{"line":13,"column":15},"end":{"line":13,"column":33}},"10":{"start":{"line":15,"column":2},"end":{"line":15,"column":null}}},"fnMap":{"0":{"name":"(anonymous_0)","decl":{"start":{"line":1,"column":13},"end":{"line":1,"column":27}},"loc":{"start":{"line":1,"column":39},"end":{"line":15,"column":null}},"line":1}},"branchMap":{"0":{"loc":{"start":{"line":2,"column":2},"end":{"line":2,"column":null}},"type":"if","locations":[{"start":{"line":2,"column":2},"end":{"line":2,"column":null}},{"start":{},"end":{}}],"line":2},"1":{"loc":{"start":{"line":4,"column":4},"end":{"line":4,"column":null}},"type":"cond-expr","locations":[{"start":{"line":4,"column":34},"end":{"line":4,"column":59}},{"start":{"line":4,"column":62},"end":{"line":4,"column":null}}],"line":4},"2":{"loc":{"start":{"line":8,"column":2},"end":{"line":9,"column":null}},"type":"if","locations":[{"start":{"line":8,"column":2},"end":{"line":9,"column":null}},{"start":{},"end":{}}],"line":8}},"s":{"0":1,"1":7,"2":3,"3":4,"4":7,"5":7,"6":1,"7":3,"8":3,"9":3,"10":3},"f":{"0":7},"b":{"0":[3,4],"1":[4,0],"2":[1,6]},"meta":{"lastBranch":3,"lastFunction":1,"lastStatement":11,"seen":{"s:1:13:15:Infinity":0,"f:1:13:1:27":0,"b:2:2:2:Infinity:undefined:undefined:undefined:undefined":0,"s:2:2:2:Infinity":1,"s:2:16:2:Infinity":2,"s:4:4:4:Infinity":3,"b:4:34:4:59:4:62:4:Infinity":1,"s:6:15:6:35":4,"b:8:2:9:Infinity:undefined:undefined:undefined:undefined":2,"s:8:2:9:Infinity":5,"s:9:4:9:Infinity":6,"s:11:14:11:53":7,"s:12:16:12:60":8,"s:13:15:13:33":9,"s:15:2:15:Infinity":10}}}
,"D:\\NHUQUYNH\\HK2_25\\Kiem_thu_phan_mem\\language-center-management-system\\frontend\\src\\utils\\token.js": {"path":"D:\\NHUQUYNH\\HK2_25\\Kiem_thu_phan_mem\\language-center-management-system\\frontend\\src\\utils\\token.js","statementMap":{"0":{"start":{"line":1,"column":13},"end":{"line":5,"column":null}},"1":{"start":{"line":2,"column":2},"end":{"line":2,"column":null}},"2":{"start":{"line":3,"column":2},"end":{"line":3,"column":null}},"3":{"start":{"line":4,"column":2},"end":{"line":5,"column":null}},"4":{"start":{"line":5,"column":4},"end":{"line":5,"column":null}},"5":{"start":{"line":8,"column":13},"end":{"line":9,"column":null}},"6":{"start":{"line":9,"column":2},"end":{"line":9,"column":null}},"7":{"start":{"line":12,"column":13},"end":{"line":13,"column":null}},"8":{"start":{"line":13,"column":2},"end":{"line":13,"column":null}},"9":{"start":{"line":16,"column":13},"end":{"line":19,"column":null}},"10":{"start":{"line":17,"column":2},"end":{"line":17,"column":null}},"11":{"start":{"line":18,"column":2},"end":{"line":18,"column":null}},"12":{"start":{"line":19,"column":2},"end":{"line":19,"column":null}},"13":{"start":{"line":22,"column":13},"end":{"line":26,"column":null}},"14":{"start":{"line":23,"column":15},"end":{"line":23,"column":43}},"15":{"start":{"line":24,"column":2},"end":{"line":25,"column":null}},"16":{"start":{"line":25,"column":4},"end":{"line":25,"column":null}},"17":{"start":{"line":26,"column":2},"end":{"line":26,"column":null}},"18":{"start":{"line":29,"column":13},"end":{"line":29,"column":null}},"19":{"start":{"line":29,"column":29},"end":{"line":29,"column":null}}},"fnMap":{"0":{"name":"(anonymous_0)","decl":{"start":{"line":1,"column":13},"end":{"line":1,"column":26}},"loc":{"start":{"line":1,"column":69},"end":{"line":5,"column":null}},"line":1},"1":{"name":"(anonymous_1)","decl":{"start":{"line":8,"column":13},"end":{"line":8,"column":36}},"loc":{"start":{"line":8,"column":36},"end":{"line":9,"column":null}},"line":8},"2":{"name":"(anonymous_2)","decl":{"start":{"line":12,"column":13},"end":{"line":12,"column":37}},"loc":{"start":{"line":12,"column":37},"end":{"line":13,"column":null}},"line":12},"3":{"name":"(anonymous_3)","decl":{"start":{"line":16,"column":13},"end":{"line":16,"column":33}},"loc":{"start":{"line":16,"column":33},"end":{"line":19,"column":null}},"line":16},"4":{"name":"(anonymous_4)","decl":{"start":{"line":22,"column":13},"end":{"line":22,"column":29}},"loc":{"start":{"line":22,"column":29},"end":{"line":26,"column":null}},"line":22},"5":{"name":"(anonymous_5)","decl":{"start":{"line":29,"column":13},"end":{"line":29,"column":29}},"loc":{"start":{"line":29,"column":29},"end":{"line":29,"column":null}},"line":29}},"branchMap":{"0":{"loc":{"start":{"line":1,"column":55},"end":{"line":1,"column":69}},"type":"default-arg","locations":[{"start":{"line":1,"column":60},"end":{"line":1,"column":69}}],"line":1},"1":{"loc":{"start":{"line":4,"column":2},"end":{"line":5,"column":null}},"type":"if","locations":[{"start":{"line":4,"column":2},"end":{"line":5,"column":null}},{"start":{},"end":{}}],"line":4},"2":{"loc":{"start":{"line":24,"column":2},"end":{"line":25,"column":null}},"type":"if","locations":[{"start":{"line":24,"column":2},"end":{"line":25,"column":null}},{"start":{},"end":{}}],"line":24},"3":{"loc":{"start":{"line":24,"column":6},"end":{"line":24,"column":null}},"type":"binary-expr","locations":[{"start":{"line":24,"column":6},"end":{"line":24,"column":15}},{"start":{"line":24,"column":15},"end":{"line":24,"column":null}}],"line":24},"4":{"loc":{"start":{"line":26,"column":9},"end":{"line":26,"column":null}},"type":"cond-expr","locations":[{"start":{"line":26,"column":16},"end":{"line":26,"column":32}},{"start":{"line":26,"column":35},"end":{"line":26,"column":null}}],"line":26}},"s":{"0":5,"1":3,"2":3,"3":3,"4":2,"5":5,"6":3,"7":5,"8":3,"9":5,"10":1,"11":1,"12":1,"13":5,"14":5,"15":5,"16":3,"17":2,"18":5,"19":2},"f":{"0":3,"1":3,"2":3,"3":1,"4":5,"5":2},"b":{"0":[3],"1":[2,1],"2":[3,2],"3":[5,3],"4":[2,0]},"meta":{"lastBranch":5,"lastFunction":6,"lastStatement":20,"seen":{"s:1:13:5:Infinity":0,"f:1:13:1:26":0,"b:1:60:1:69":0,"s:2:2:2:Infinity":1,"s:3:2:3:Infinity":2,"b:4:2:5:Infinity:undefined:undefined:undefined:undefined":1,"s:4:2:5:Infinity":3,"s:5:4:5:Infinity":4,"s:8:13:9:Infinity":5,"f:8:13:8:36":1,"s:9:2:9:Infinity":6,"s:12:13:13:Infinity":7,"f:12:13:12:37":2,"s:13:2:13:Infinity":8,"s:16:13:19:Infinity":9,"f:16:13:16:33":3,"s:17:2:17:Infinity":10,"s:18:2:18:Infinity":11,"s:19:2:19:Infinity":12,"s:22:13:26:Infinity":13,"f:22:13:22:29":4,"s:23:15:23:43":14,"b:24:2:25:Infinity:undefined:undefined:undefined:undefined":2,"s:24:2:25:Infinity":15,"b:24:6:24:15:24:15:24:Infinity":3,"s:25:4:25:Infinity":16,"s:26:2:26:Infinity":17,"b:26:16:26:32:26:35:26:Infinity":4,"s:29:13:29:Infinity":18,"f:29:13:29:29":5,"s:29:29:29:Infinity":19}}}
,"D:\\NHUQUYNH\\HK2_25\\Kiem_thu_phan_mem\\language-center-management-system\\frontend\\src\\utils\\validation.js": {"path":"D:\\NHUQUYNH\\HK2_25\\Kiem_thu_phan_mem\\language-center-management-system\\frontend\\src\\utils\\validation.js","statementMap":{"0":{"start":{"line":1,"column":13},"end":{"line":17,"column":null}},"1":{"start":{"line":2,"column":2},"end":{"line":3,"column":null}},"2":{"start":{"line":3,"column":4},"end":{"line":3,"column":null}},"3":{"start":{"line":5,"column":2},"end":{"line":6,"column":null}},"4":{"start":{"line":6,"column":4},"end":{"line":6,"column":null}},"5":{"start":{"line":8,"column":2},"end":{"line":9,"column":null}},"6":{"start":{"line":9,"column":4},"end":{"line":9,"column":null}},"7":{"start":{"line":11,"column":2},"end":{"line":12,"column":null}},"8":{"start":{"line":12,"column":4},"end":{"line":12,"column":null}},"9":{"start":{"line":14,"column":2},"end":{"line":15,"column":null}},"10":{"start":{"line":15,"column":4},"end":{"line":15,"column":null}},"11":{"start":{"line":17,"column":2},"end":{"line":17,"column":null}},"12":{"start":{"line":20,"column":13},"end":{"line":21,"column":null}},"13":{"start":{"line":21,"column":2},"end":{"line":21,"column":null}},"14":{"start":{"line":24,"column":13},"end":{"line":27,"column":null}},"15":{"start":{"line":25,"column":2},"end":{"line":25,"column":null}},"16":{"start":{"line":25,"column":37},"end":{"line":25,"column":null}},"17":{"start":{"line":26,"column":14},"end":{"line":26,"column":31}},"18":{"start":{"line":27,"column":2},"end":{"line":27,"column":null}}},"fnMap":{"0":{"name":"(anonymous_0)","decl":{"start":{"line":1,"column":13},"end":{"line":1,"column":33}},"loc":{"start":{"line":1,"column":46},"end":{"line":17,"column":null}},"line":1},"1":{"name":"(anonymous_1)","decl":{"start":{"line":20,"column":13},"end":{"line":20,"column":35}},"loc":{"start":{"line":20,"column":45},"end":{"line":21,"column":null}},"line":20},"2":{"name":"(anonymous_2)","decl":{"start":{"line":24,"column":13},"end":{"line":24,"column":31}},"loc":{"start":{"line":24,"column":41},"end":{"line":27,"column":null}},"line":24}},"branchMap":{"0":{"loc":{"start":{"line":2,"column":2},"end":{"line":3,"column":null}},"type":"if","locations":[{"start":{"line":2,"column":2},"end":{"line":3,"column":null}},{"start":{},"end":{}}],"line":2},"1":{"loc":{"start":{"line":5,"column":2},"end":{"line":6,"column":null}},"type":"if","locations":[{"start":{"line":5,"column":2},"end":{"line":6,"column":null}},{"start":{},"end":{}}],"line":5},"2":{"loc":{"start":{"line":8,"column":2},"end":{"line":9,"column":null}},"type":"if","locations":[{"start":{"line":8,"column":2},"end":{"line":9,"column":null}},{"start":{},"end":{}}],"line":8},"3":{"loc":{"start":{"line":11,"column":2},"end":{"line":12,"column":null}},"type":"if","locations":[{"start":{"line":11,"column":2},"end":{"line":12,"column":null}},{"start":{},"end":{}}],"line":11},"4":{"loc":{"start":{"line":14,"column":2},"end":{"line":15,"column":null}},"type":"if","locations":[{"start":{"line":14,"column":2},"end":{"line":15,"column":null}},{"start":{},"end":{}}],"line":14},"5":{"loc":{"start":{"line":25,"column":2},"end":{"line":25,"column":null}},"type":"if","locations":[{"start":{"line":25,"column":2},"end":{"line":25,"column":null}},{"start":{},"end":{}}],"line":25},"6":{"loc":{"start":{"line":25,"column":6},"end":{"line":25,"column":37}},"type":"binary-expr","locations":[{"start":{"line":25,"column":6},"end":{"line":25,"column":22}},{"start":{"line":25,"column":22},"end":{"line":25,"column":37}}],"line":25},"7":{"loc":{"start":{"line":27,"column":9},"end":{"line":27,"column":null}},"type":"binary-expr","locations":[{"start":{"line":27,"column":9},"end":{"line":27,"column":21}},{"start":{"line":27,"column":21},"end":{"line":27,"column":null}}],"line":27}},"s":{"0":1,"1":6,"2":1,"3":5,"4":1,"5":4,"6":1,"7":3,"8":1,"9":2,"10":1,"11":1,"12":1,"13":5,"14":1,"15":7,"16":2,"17":5,"18":5},"f":{"0":6,"1":5,"2":7},"b":{"0":[1,5],"1":[1,4],"2":[1,3],"3":[1,2],"4":[1,1],"5":[2,5],"6":[7,6],"7":[5,4]},"meta":{"lastBranch":8,"lastFunction":3,"lastStatement":19,"seen":{"s:1:13:17:Infinity":0,"f:1:13:1:33":0,"b:2:2:3:Infinity:undefined:undefined:undefined:undefined":0,"s:2:2:3:Infinity":1,"s:3:4:3:Infinity":2,"b:5:2:6:Infinity:undefined:undefined:undefined:undefined":1,"s:5:2:6:Infinity":3,"s:6:4:6:Infinity":4,"b:8:2:9:Infinity:undefined:undefined:undefined:undefined":2,"s:8:2:9:Infinity":5,"s:9:4:9:Infinity":6,"b:11:2:12:Infinity:undefined:undefined:undefined:undefined":3,"s:11:2:12:Infinity":7,"s:12:4:12:Infinity":8,"b:14:2:15:Infinity:undefined:undefined:undefined:undefined":4,"s:14:2:15:Infinity":9,"s:15:4:15:Infinity":10,"s:17:2:17:Infinity":11,"s:20:13:21:Infinity":12,"f:20:13:20:35":1,"s:21:2:21:Infinity":13,"s:24:13:27:Infinity":14,"f:24:13:24:31":2,"b:25:2:25:Infinity:undefined:undefined:undefined:undefined":5,"s:25:2:25:Infinity":15,"b:25:6:25:22:25:22:25:37":6,"s:25:37:25:Infinity":16,"s:26:14:26:31":17,"s:27:2:27:Infinity":18,"b:27:9:27:21:27:21:27:Infinity":7}}}
}
